Array
(
    [result] => Array
        (
            [0] => Array
                (
                    [id] => 1
                    [title] => ご飯
                    [amount] => 2
                    [ingredients] => 米、水
                    [memo] => ご飯メモ
                    [picture] => ご飯.jpg
                    [inserted_date] => 2018-04-24 06:21:42
                    [updated_date] => 2018-04-24 06:21:42
                )

        )

    [result_detail] => Array
        (
            [0] => Array
                (
                    [step] => 米を研ぐ。
                )

            [1] => Array
                (
                    [step] => 米を炊く。
                )

            [2] => Array
                (
                    [step] => 米を蒸す。
                )

            [3] => Array
                (
                    [step] => よく混ぜる。
                )

        )

)
Array
(
    [result] => Array
        (
            [0] => Array
                (
                    [id] => 1
                    [title] => ご飯
                    [amount] => 2
                    [ingredients] => 米、水
                    [memo] => ご飯メモ
                    [picture] => ご飯.jpg
                    [inserted_date] => 2018-04-24 06:21:42
                    [updated_date] => 2018-04-24 06:21:42
                )

        )

    [result_detail] => Array
        (
            [0] => Array
                (
                    [step] => 米を研ぐ。
                )

            [1] => Array
                (
                    [step] => 米を炊く。
                )

            [2] => Array
                (
                    [step] => 米を蒸す。
                )

            [3] => Array
                (
                    [step] => よく混ぜる。
                )

        )

)
1525156429Array
(
    [result] => Array
        (
            [0] => Array
                (
                    [id] => 1
                    [title] => ご飯
                    [amount] => 2
                    [ingredients] => 米、水
                    [memo] => ご飯メモ
                    [picture] => ご飯.jpg
                    [inserted_date] => 2018-04-24 06:21:42
                    [updated_date] => 2018-04-24 06:21:42
                )

        )

    [result_detail] => Array
        (
            [0] => Array
                (
                    [step] => 米を研ぐ。
                )

            [1] => Array
                (
                    [step] => 米を炊く。
                )

            [2] => Array
                (
                    [step] => 米を蒸す。
                )

            [3] => Array
                (
                    [step] => よく混ぜる。
                )

        )

)
Array
(
    [result] => Array
        (
            [0] => Array
                (
                    [id] => 1
                    [title] => ご飯
                    [amount] => 2
                    [ingredients] => 米、水
                    [memo] => ご飯メモ
                    [picture] => ご飯.jpg
                    [inserted_date] => 2018-04-24 06:21:42
                    [updated_date] => 2018-04-24 06:21:42
                )

        )

    [result_detail] => Array
        (
            [0] => Array
                (
                    [step] => 米を研ぐ。
                )

            [1] => Array
                (
                    [step] => 米を炊く。
                )

            [2] => Array
                (
                    [step] => 米を蒸す。
                )

            [3] => Array
                (
                    [step] => よく混ぜる。
                )

        )

)
Array
(
    [result] => Array
        (
            [0] => Array
                (
                    [id] => 1
                    [title] => ご飯
                    [amount] => 2
                    [ingredients] => 米、水
                    [memo] => ご飯メモ
                    [picture] => ご飯.jpg
                    [inserted_date] => 2018-04-24 06:21:42
                    [updated_date] => 2018-04-24 06:21:42
                )

        )

    [result_detail] => Array
        (
            [0] => Array
                (
                    [step] => 米を研ぐ。
                )

            [1] => Array
                (
                    [step] => 米を炊く。
                )

            [2] => Array
                (
                    [step] => 米を蒸す。
                )

            [3] => Array
                (
                    [step] => よく混ぜる。
                )

        )

)
2018/05/01 06:43:31Array
(
    [result] => Array
        (
            [0] => Array
                (
                    [id] => 2
                    [title] => 味噌汁
                    [amount] => 2
                    [ingredients] => 水、味噌、出汁、豆腐、わかめ
                    [memo] => 基礎的味噌汁
                    [picture] => アップした画像
                    [inserted_date] => 2018-04-27 10:36:49
                    [updated_date] => 2018-04-27 10:36:49
                )

        )

    [result_detail] => Array
        (
        )

)
2018/05/01 06:45:57Array
(
    [result] => Array
        (
            [0] => Array
                (
                    [id] => 2
                    [title] => 味噌汁
                    [amount] => 2
                    [ingredients] => 水、味噌、出汁、豆腐、わかめ
                    [memo] => 基礎的味噌汁
                    [picture] => アップした画像
                    [inserted_date] => 2018-04-27 10:36:49
                    [updated_date] => 2018-04-27 10:36:49
                )

        )

    [result_detail] => Array
        (
            [0] => Array
                (
                    [step] => 湯を沸かす。
                )

        )

)
2018/05/01 06:46:47Array
(
    [result] => Array
        (
            [0] => Array
                (
                    [id] => 1
                    [title] => ご飯
                    [amount] => 2
                    [ingredients] => 米、水
                    [memo] => ご飯メモ
                    [picture] => ご飯.jpg
                    [inserted_date] => 2018-04-24 06:21:42
                    [updated_date] => 2018-04-24 06:21:42
                )

        )

    [result_detail] => Array
        (
            [0] => Array
                (
                    [step] => 米を研ぐ。
                )

            [1] => Array
                (
                    [step] => 米を炊く。
                )

            [2] => Array
                (
                    [step] => 米を蒸す。
                )

            [3] => Array
                (
                    [step] => よく混ぜる。
                )

        )

)
2018/05/01 06:47:10Array
(
    [result] => Array
        (
            [0] => Array
                (
                    [id] => 1
                    [title] => ご飯
                    [amount] => 2
                    [ingredients] => 米、水
                    [memo] => ご飯メモ
                    [picture] => ご飯.jpg
                    [inserted_date] => 2018-04-24 06:21:42
                    [updated_date] => 2018-04-24 06:21:42
                )

        )

    [result_detail] => Array
        (
            [0] => Array
                (
                    [step] => 米を研ぐ。
                )

            [1] => Array
                (
                    [step] => 米を炊く。
                )

            [2] => Array
                (
                    [step] => 米を蒸す。
                )

            [3] => Array
                (
                    [step] => よく混ぜる。
                )

        )

)
2018/05/01 07:09:16Array
(
    [result] => Array
        (
            [0] => Array
                (
                    [id] => 1
                    [title] => ご飯
                    [amount] => 2
                    [ingredients] => 米、水
                    [memo] => ご飯メモ
                    [picture] => ご飯.jpg
                    [inserted_date] => 2018-04-24 06:21:42
                    [updated_date] => 2018-04-24 06:21:42
                )

        )

    [result_detail] => Array
        (
            [0] => Array
                (
                    [step] => 米を研ぐ。
                )

            [1] => Array
                (
                    [step] => 米を炊く。
                )

            [2] => Array
                (
                    [step] => 米を蒸す。
                )

            [3] => Array
                (
                    [step] => よく混ぜる。
                )

        )

)
2018/05/01 07:12:57Array
(
    [result] => Array
        (
            [0] => Array
                (
                    [id] => 1
                    [title] => ご飯
                    [amount] => 2
                    [ingredients] => 米、水
                    [memo] => ご飯メモ
                    [picture] => ご飯.jpg
                    [inserted_date] => 2018-04-24 06:21:42
                    [updated_date] => 2018-04-24 06:21:42
                )

        )

    [result_detail] => Array
        (
            [0] => Array
                (
                    [step] => 米を研ぐ。
                )

            [1] => Array
                (
                    [step] => 米を炊く。
                )

            [2] => Array
                (
                    [step] => 米を蒸す。
                )

            [3] => Array
                (
                    [step] => よく混ぜる。
                )

        )

)
2018/05/01 07:13:01Array
(
    [result] => Array
        (
            [0] => Array
                (
                    [id] => 1
                    [title] => ご飯
                    [amount] => 2
                    [ingredients] => 米、水
                    [memo] => ご飯メモ
                    [picture] => ご飯.jpg
                    [inserted_date] => 2018-04-24 06:21:42
                    [updated_date] => 2018-04-24 06:21:42
                )

        )

    [result_detail] => Array
        (
            [0] => Array
                (
                    [step] => 米を研ぐ。
                )

            [1] => Array
                (
                    [step] => 米を炊く。
                )

            [2] => Array
                (
                    [step] => 米を蒸す。
                )

            [3] => Array
                (
                    [step] => よく混ぜる。
                )

        )

)
2018/05/01 07:15:57Array
(
    [result] => Array
        (
            [0] => Array
                (
                    [id] => 1
                    [title] => ご飯
                    [amount] => 2
                    [ingredients] => 米、水
                    [memo] => ご飯メモ
                    [picture] => ご飯.jpg
                    [inserted_date] => 2018-04-24 06:21:42
                    [updated_date] => 2018-04-24 06:21:42
                )

        )

    [result_detail] => Array
        (
            [0] => Array
                (
                    [step] => 米を研ぐ。
                )

            [1] => Array
                (
                    [step] => 米を炊く。
                )

            [2] => Array
                (
                    [step] => 米を蒸す。
                )

            [3] => Array
                (
                    [step] => よく混ぜる。
                )

        )

)
2018/05/01 07:16:00Array
(
    [result] => Array
        (
            [0] => Array
                (
                    [id] => 1
                    [title] => ご飯
                    [amount] => 2
                    [ingredients] => 米、水
                    [memo] => ご飯メモ
                    [picture] => ご飯.jpg
                    [inserted_date] => 2018-04-24 06:21:42
                    [updated_date] => 2018-04-24 06:21:42
                )

        )

    [result_detail] => Array
        (
            [0] => Array
                (
                    [step] => 米を研ぐ。
                )

            [1] => Array
                (
                    [step] => 米を炊く。
                )

            [2] => Array
                (
                    [step] => 米を蒸す。
                )

            [3] => Array
                (
                    [step] => よく混ぜる。
                )

        )

)
2018/05/01 07:17:23Array
(
    [result] => Array
        (
            [0] => Array
                (
                    [id] => 2
                    [title] => 味噌汁
                    [amount] => 2
                    [ingredients] => 水、味噌、出汁、豆腐、わかめ
                    [memo] => 基礎的味噌汁
                    [picture] => アップした画像
                    [inserted_date] => 2018-04-27 10:36:49
                    [updated_date] => 2018-04-27 10:36:49
                )

        )

    [result_detail] => Array
        (
            [0] => Array
                (
                    [step] => 湯を沸かす。
                )

        )

)
2018/05/01 07:17:59Array
(
    [result] => Array
        (
            [0] => Array
                (
                    [id] => 2
                    [title] => 味噌汁
                    [amount] => 2
                    [ingredients] => 水、味噌、出汁、豆腐、わかめ
                    [memo] => 基礎的味噌汁
                    [picture] => アップした画像
                    [inserted_date] => 2018-04-27 10:36:49
                    [updated_date] => 2018-04-27 10:36:49
                )

        )

    [result_detail] => Array
        (
            [0] => Array
                (
                    [step] => 湯を沸かす。
                )

        )

)
2018/05/01 07:18:03Array
(
    [result] => Array
        (
            [0] => Array
                (
                    [id] => 1
                    [title] => ご飯
                    [amount] => 2
                    [ingredients] => 米、水
                    [memo] => ご飯メモ
                    [picture] => ご飯.jpg
                    [inserted_date] => 2018-04-24 06:21:42
                    [updated_date] => 2018-04-24 06:21:42
                )

        )

    [result_detail] => Array
        (
            [0] => Array
                (
                    [step] => 米を研ぐ。
                )

            [1] => Array
                (
                    [step] => 米を炊く。
                )

            [2] => Array
                (
                    [step] => 米を蒸す。
                )

            [3] => Array
                (
                    [step] => よく混ぜる。
                )

        )

)
2018/05/01 07:18:37Array
(
    [result] => Array
        (
            [0] => Array
                (
                    [id] => 1
                    [title] => ご飯
                    [amount] => 2
                    [ingredients] => 米、水
                    [memo] => ご飯メモ
                    [picture] => ご飯.jpg
                    [inserted_date] => 2018-04-24 06:21:42
                    [updated_date] => 2018-04-24 06:21:42
                )

        )

    [result_detail] => Array
        (
            [0] => Array
                (
                    [step] => 米を研ぐ。
                )

            [1] => Array
                (
                    [step] => 米を炊く。
                )

            [2] => Array
                (
                    [step] => 米を蒸す。
                )

            [3] => Array
                (
                    [step] => よく混ぜる。
                )

        )

)
2018/05/01 07:18:39Array
(
    [result] => Array
        (
            [0] => Array
                (
                    [id] => 1
                    [title] => ご飯
                    [amount] => 2
                    [ingredients] => 米、水
                    [memo] => ご飯メモ
                    [picture] => ご飯.jpg
                    [inserted_date] => 2018-04-24 06:21:42
                    [updated_date] => 2018-04-24 06:21:42
                )

        )

    [result_detail] => Array
        (
            [0] => Array
                (
                    [step] => 米を研ぐ。
                )

            [1] => Array
                (
                    [step] => 米を炊く。
                )

            [2] => Array
                (
                    [step] => 米を蒸す。
                )

            [3] => Array
                (
                    [step] => よく混ぜる。
                )

        )

)
2018/05/01 07:19:34Array
(
    [result] => Array
        (
            [0] => Array
                (
                    [id] => 1
                    [title] => ご飯
                    [amount] => 2
                    [ingredients] => 米、水
                    [memo] => ご飯メモ
                    [picture] => ご飯.jpg
                    [inserted_date] => 2018-04-24 06:21:42
                    [updated_date] => 2018-04-24 06:21:42
                )

        )

    [result_detail] => Array
        (
            [0] => Array
                (
                    [step] => 米を研ぐ。
                )

            [1] => Array
                (
                    [step] => 米を炊く。
                )

            [2] => Array
                (
                    [step] => 米を蒸す。
                )

            [3] => Array
                (
                    [step] => よく混ぜる。
                )

        )

)
2018/05/01 07:19:39Array
(
    [result] => Array
        (
            [0] => Array
                (
                    [id] => 1
                    [title] => ご飯
                    [amount] => 2
                    [ingredients] => 米、水
                    [memo] => ご飯メモ
                    [picture] => ご飯.jpg
                    [inserted_date] => 2018-04-24 06:21:42
                    [updated_date] => 2018-04-24 06:21:42
                )

        )

    [result_detail] => Array
        (
            [0] => Array
                (
                    [step] => 米を研ぐ。
                )

            [1] => Array
                (
                    [step] => 米を炊く。
                )

            [2] => Array
                (
                    [step] => 米を蒸す。
                )

            [3] => Array
                (
                    [step] => よく混ぜる。
                )

        )

)
2018/05/01 07:19:42Array
(
    [result] => Array
        (
            [0] => Array
                (
                    [id] => 1
                    [title] => ご飯
                    [amount] => 2
                    [ingredients] => 米、水
                    [memo] => ご飯メモ
                    [picture] => ご飯.jpg
                    [inserted_date] => 2018-04-24 06:21:42
                    [updated_date] => 2018-04-24 06:21:42
                )

        )

    [result_detail] => Array
        (
            [0] => Array
                (
                    [step] => 米を研ぐ。
                )

            [1] => Array
                (
                    [step] => 米を炊く。
                )

            [2] => Array
                (
                    [step] => 米を蒸す。
                )

            [3] => Array
                (
                    [step] => よく混ぜる。
                )

        )

)
2018/05/01 07:20:48Array
(
    [result] => Array
        (
            [0] => Array
                (
                    [id] => 1
                    [title] => ご飯
                    [amount] => 2
                    [ingredients] => 米、水
                    [memo] => ご飯メモ
                    [picture] => ご飯.jpg
                    [inserted_date] => 2018-04-24 06:21:42
                    [updated_date] => 2018-04-24 06:21:42
                )

        )

    [result_detail] => Array
        (
            [0] => Array
                (
                    [step] => 米を研ぐ。
                )

            [1] => Array
                (
                    [step] => 米を炊く。
                )

            [2] => Array
                (
                    [step] => 米を蒸す。
                )

            [3] => Array
                (
                    [step] => よく混ぜる。
                )

        )

)
2018/05/01 07:20:50Array
(
    [result] => Array
        (
            [0] => Array
                (
                    [id] => 1
                    [title] => ご飯
                    [amount] => 2
                    [ingredients] => 米、水
                    [memo] => ご飯メモ
                    [picture] => ご飯.jpg
                    [inserted_date] => 2018-04-24 06:21:42
                    [updated_date] => 2018-04-24 06:21:42
                )

        )

    [result_detail] => Array
        (
            [0] => Array
                (
                    [step] => 米を研ぐ。
                )

            [1] => Array
                (
                    [step] => 米を炊く。
                )

            [2] => Array
                (
                    [step] => 米を蒸す。
                )

            [3] => Array
                (
                    [step] => よく混ぜる。
                )

        )

)
2018/05/01 07:23:43Array
(
    [result] => Array
        (
            [0] => Array
                (
                    [id] => 1
                    [title] => ご飯
                    [amount] => 2
                    [ingredients] => 米、水
                    [memo] => ご飯メモ
                    [picture] => ご飯.jpg
                    [inserted_date] => 2018-04-24 06:21:42
                    [updated_date] => 2018-04-24 06:21:42
                )

        )

    [result_detail] => Array
        (
            [0] => Array
                (
                    [step] => 米を研ぐ。
                )

            [1] => Array
                (
                    [step] => 米を炊く。
                )

            [2] => Array
                (
                    [step] => 米を蒸す。
                )

            [3] => Array
                (
                    [step] => よく混ぜる。
                )

        )

)
2018/05/01 07:23:47Array
(
    [result] => Array
        (
            [0] => Array
                (
                    [id] => 1
                    [title] => ご飯
                    [amount] => 2
                    [ingredients] => 米、水
                    [memo] => ご飯メモ
                    [picture] => ご飯.jpg
                    [inserted_date] => 2018-04-24 06:21:42
                    [updated_date] => 2018-04-24 06:21:42
                )

        )

    [result_detail] => Array
        (
            [0] => Array
                (
                    [step] => 米を研ぐ。
                )

            [1] => Array
                (
                    [step] => 米を炊く。
                )

            [2] => Array
                (
                    [step] => 米を蒸す。
                )

            [3] => Array
                (
                    [step] => よく混ぜる。
                )

        )

)
2018/05/01 07:23:51Array
(
    [result] => Array
        (
            [0] => Array
                (
                    [id] => 1
                    [title] => ご飯
                    [amount] => 2
                    [ingredients] => 米、水
                    [memo] => ご飯メモ
                    [picture] => ご飯.jpg
                    [inserted_date] => 2018-04-24 06:21:42
                    [updated_date] => 2018-04-24 06:21:42
                )

        )

    [result_detail] => Array
        (
            [0] => Array
                (
                    [step] => 米を研ぐ。
                )

            [1] => Array
                (
                    [step] => 米を炊く。
                )

            [2] => Array
                (
                    [step] => 米を蒸す。
                )

            [3] => Array
                (
                    [step] => よく混ぜる。
                )

        )

)
2018/05/01 07:23:57Array
(
    [result] => Array
        (
            [0] => Array
                (
                    [id] => 1
                    [title] => ご飯
                    [amount] => 2
                    [ingredients] => 米、水
                    [memo] => ご飯メモ
                    [picture] => ご飯.jpg
                    [inserted_date] => 2018-04-24 06:21:42
                    [updated_date] => 2018-04-24 06:21:42
                )

        )

    [result_detail] => Array
        (
            [0] => Array
                (
                    [step] => 米を研ぐ。
                )

            [1] => Array
                (
                    [step] => 米を炊く。
                )

            [2] => Array
                (
                    [step] => 米を蒸す。
                )

            [3] => Array
                (
                    [step] => よく混ぜる。
                )

        )

)
2018/05/01 07:23:59Array
(
    [result] => Array
        (
            [0] => Array
                (
                    [id] => 1
                    [title] => ご飯
                    [amount] => 2
                    [ingredients] => 米、水
                    [memo] => ご飯メモ
                    [picture] => ご飯.jpg
                    [inserted_date] => 2018-04-24 06:21:42
                    [updated_date] => 2018-04-24 06:21:42
                )

        )

    [result_detail] => Array
        (
            [0] => Array
                (
                    [step] => 米を研ぐ。
                )

            [1] => Array
                (
                    [step] => 米を炊く。
                )

            [2] => Array
                (
                    [step] => 米を蒸す。
                )

            [3] => Array
                (
                    [step] => よく混ぜる。
                )

        )

)
2018/05/01 07:24:04Array
(
    [result] => Array
        (
            [0] => Array
                (
                    [id] => 1
                    [title] => ご飯
                    [amount] => 2
                    [ingredients] => 米、水
                    [memo] => ご飯メモ
                    [picture] => ご飯.jpg
                    [inserted_date] => 2018-04-24 06:21:42
                    [updated_date] => 2018-04-24 06:21:42
                )

        )

    [result_detail] => Array
        (
            [0] => Array
                (
                    [step] => 米を研ぐ。
                )

            [1] => Array
                (
                    [step] => 米を炊く。
                )

            [2] => Array
                (
                    [step] => 米を蒸す。
                )

            [3] => Array
                (
                    [step] => よく混ぜる。
                )

        )

)
2018/05/01 07:24:06Array
(
    [result] => Array
        (
            [0] => Array
                (
                    [id] => 1
                    [title] => ご飯
                    [amount] => 2
                    [ingredients] => 米、水
                    [memo] => ご飯メモ
                    [picture] => ご飯.jpg
                    [inserted_date] => 2018-04-24 06:21:42
                    [updated_date] => 2018-04-24 06:21:42
                )

        )

    [result_detail] => Array
        (
            [0] => Array
                (
                    [step] => 米を研ぐ。
                )

            [1] => Array
                (
                    [step] => 米を炊く。
                )

            [2] => Array
                (
                    [step] => 米を蒸す。
                )

            [3] => Array
                (
                    [step] => よく混ぜる。
                )

        )

)
2018/05/01 07:24:10Array
(
    [result] => Array
        (
            [0] => Array
                (
                    [id] => 1
                    [title] => ご飯
                    [amount] => 2
                    [ingredients] => 米、水
                    [memo] => ご飯メモ
                    [picture] => ご飯.jpg
                    [inserted_date] => 2018-04-24 06:21:42
                    [updated_date] => 2018-04-24 06:21:42
                )

        )

    [result_detail] => Array
        (
            [0] => Array
                (
                    [step] => 米を研ぐ。
                )

            [1] => Array
                (
                    [step] => 米を炊く。
                )

            [2] => Array
                (
                    [step] => 米を蒸す。
                )

            [3] => Array
                (
                    [step] => よく混ぜる。
                )

        )

)
2018/05/01 07:24:13Array
(
    [result] => Array
        (
            [0] => Array
                (
                    [id] => 1
                    [title] => ご飯
                    [amount] => 2
                    [ingredients] => 米、水
                    [memo] => ご飯メモ
                    [picture] => ご飯.jpg
                    [inserted_date] => 2018-04-24 06:21:42
                    [updated_date] => 2018-04-24 06:21:42
                )

        )

    [result_detail] => Array
        (
            [0] => Array
                (
                    [step] => 米を研ぐ。
                )

            [1] => Array
                (
                    [step] => 米を炊く。
                )

            [2] => Array
                (
                    [step] => 米を蒸す。
                )

            [3] => Array
                (
                    [step] => よく混ぜる。
                )

        )

)
2018/05/01 07:25:17Array
(
    [result] => Array
        (
            [0] => Array
                (
                    [id] => 1
                    [title] => ご飯
                    [amount] => 2
                    [ingredients] => 米、水
                    [memo] => ご飯メモ
                    [picture] => ご飯.jpg
                    [inserted_date] => 2018-04-24 06:21:42
                    [updated_date] => 2018-04-24 06:21:42
                )

        )

    [result_detail] => Array
        (
            [0] => Array
                (
                    [step] => 米を研ぐ。
                )

            [1] => Array
                (
                    [step] => 米を炊く。
                )

            [2] => Array
                (
                    [step] => 米を蒸す。
                )

            [3] => Array
                (
                    [step] => よく混ぜる。
                )

        )

)
2018/05/01 07:25:20Array
(
    [result] => Array
        (
            [0] => Array
                (
                    [id] => 1
                    [title] => ご飯
                    [amount] => 2
                    [ingredients] => 米、水
                    [memo] => ご飯メモ
                    [picture] => ご飯.jpg
                    [inserted_date] => 2018-04-24 06:21:42
                    [updated_date] => 2018-04-24 06:21:42
                )

        )

    [result_detail] => Array
        (
            [0] => Array
                (
                    [step] => 米を研ぐ。
                )

            [1] => Array
                (
                    [step] => 米を炊く。
                )

            [2] => Array
                (
                    [step] => 米を蒸す。
                )

            [3] => Array
                (
                    [step] => よく混ぜる。
                )

        )

)
2018/05/01 07:27:47Array
(
    [result] => Array
        (
            [0] => Array
                (
                    [id] => 1
                    [title] => ご飯
                    [amount] => 2
                    [ingredients] => 米、水
                    [memo] => ご飯メモ
                    [picture] => ご飯.jpg
                    [inserted_date] => 2018-04-24 06:21:42
                    [updated_date] => 2018-04-24 06:21:42
                )

        )

    [result_detail] => Array
        (
            [0] => Array
                (
                    [step] => 米を研ぐ。
                )

            [1] => Array
                (
                    [step] => 米を炊く。
                )

            [2] => Array
                (
                    [step] => 米を蒸す。
                )

            [3] => Array
                (
                    [step] => よく混ぜる。
                )

        )

)
2018/05/01 07:27:50Array
(
    [result] => Array
        (
            [0] => Array
                (
                    [id] => 2
                    [title] => 味噌汁
                    [amount] => 2
                    [ingredients] => 水、味噌、出汁、豆腐、わかめ
                    [memo] => 基礎的味噌汁
                    [picture] => アップした画像
                    [inserted_date] => 2018-04-27 10:36:49
                    [updated_date] => 2018-04-27 10:36:49
                )

        )

    [result_detail] => Array
        (
            [0] => Array
                (
                    [step] => 湯を沸かす。
                )

        )

)
2018/05/01 07:28:01Array
(
    [result] => Array
        (
            [0] => Array
                (
                    [id] => 2
                    [title] => 味噌汁
                    [amount] => 2
                    [ingredients] => 水、味噌、出汁、豆腐、わかめ
                    [memo] => 基礎的味噌汁
                    [picture] => アップした画像
                    [inserted_date] => 2018-04-27 10:36:49
                    [updated_date] => 2018-04-27 10:36:49
                )

        )

    [result_detail] => Array
        (
            [0] => Array
                (
                    [step] => 湯を沸かす。
                )

        )

)
2018/05/01 07:28:09Array
(
    [result] => Array
        (
            [0] => Array
                (
                    [id] => 1
                    [title] => ご飯
                    [amount] => 2
                    [ingredients] => 米、水
                    [memo] => ご飯メモ
                    [picture] => ご飯.jpg
                    [inserted_date] => 2018-04-24 06:21:42
                    [updated_date] => 2018-04-24 06:21:42
                )

        )

    [result_detail] => Array
        (
            [0] => Array
                (
                    [step] => 米を研ぐ。
                )

            [1] => Array
                (
                    [step] => 米を炊く。
                )

            [2] => Array
                (
                    [step] => 米を蒸す。
                )

            [3] => Array
                (
                    [step] => よく混ぜる。
                )

        )

)
2018/05/01 07:28:54Array
(
    [result] => Array
        (
            [0] => Array
                (
                    [id] => 1
                    [title] => ご飯
                    [amount] => 2
                    [ingredients] => 米、水
                    [memo] => ご飯メモ
                    [picture] => ご飯.jpg
                    [inserted_date] => 2018-04-24 06:21:42
                    [updated_date] => 2018-04-24 06:21:42
                )

        )

    [result_detail] => Array
        (
            [0] => Array
                (
                    [step] => 米を研ぐ。
                )

            [1] => Array
                (
                    [step] => 米を炊く。
                )

            [2] => Array
                (
                    [step] => 米を蒸す。
                )

            [3] => Array
                (
                    [step] => よく混ぜる。
                )

        )

)
2018/05/01 07:28:57Array
(
    [result] => Array
        (
            [0] => Array
                (
                    [id] => 2
                    [title] => 味噌汁
                    [amount] => 2
                    [ingredients] => 水、味噌、出汁、豆腐、わかめ
                    [memo] => 基礎的味噌汁
                    [picture] => アップした画像
                    [inserted_date] => 2018-04-27 10:36:49
                    [updated_date] => 2018-04-27 10:36:49
                )

        )

    [result_detail] => Array
        (
            [0] => Array
                (
                    [step] => 湯を沸かす。
                )

        )

)
2018/05/01 07:29:05Array
(
    [result] => Array
        (
            [0] => Array
                (
                    [id] => 2
                    [title] => 味噌汁
                    [amount] => 2
                    [ingredients] => 水、味噌、出汁、豆腐、わかめ
                    [memo] => 基礎的味噌汁
                    [picture] => アップした画像
                    [inserted_date] => 2018-04-27 10:36:49
                    [updated_date] => 2018-04-27 10:36:49
                )

        )

    [result_detail] => Array
        (
            [0] => Array
                (
                    [step] => 湯を沸かす。
                )

        )

)
2018/05/01 07:29:07Array
(
    [result] => Array
        (
            [0] => Array
                (
                    [id] => 1
                    [title] => ご飯
                    [amount] => 2
                    [ingredients] => 米、水
                    [memo] => ご飯メモ
                    [picture] => ご飯.jpg
                    [inserted_date] => 2018-04-24 06:21:42
                    [updated_date] => 2018-04-24 06:21:42
                )

        )

    [result_detail] => Array
        (
            [0] => Array
                (
                    [step] => 米を研ぐ。
                )

            [1] => Array
                (
                    [step] => 米を炊く。
                )

            [2] => Array
                (
                    [step] => 米を蒸す。
                )

            [3] => Array
                (
                    [step] => よく混ぜる。
                )

        )

)
2018/05/01 07:30:20Array
(
    [result] => Array
        (
            [0] => Array
                (
                    [id] => 2
                    [title] => 味噌汁
                    [amount] => 2
                    [ingredients] => 水、味噌、出汁、豆腐、わかめ
                    [memo] => 基礎的味噌汁
                    [picture] => アップした画像
                    [inserted_date] => 2018-04-27 10:36:49
                    [updated_date] => 2018-04-27 10:36:49
                )

        )

    [result_detail] => Array
        (
            [0] => Array
                (
                    [step] => 湯を沸かす。
                )

        )

)
2018/05/01 07:30:26Array
(
    [result] => Array
        (
            [0] => Array
                (
                    [id] => 2
                    [title] => 味噌汁
                    [amount] => 2
                    [ingredients] => 水、味噌、出汁、豆腐、わかめ
                    [memo] => 基礎的味噌汁
                    [picture] => アップした画像
                    [inserted_date] => 2018-04-27 10:36:49
                    [updated_date] => 2018-04-27 10:36:49
                )

        )

    [result_detail] => Array
        (
            [0] => Array
                (
                    [step] => 湯を沸かす。
                )

        )

)
2018/05/01 07:30:28Array
(
    [result] => Array
        (
            [0] => Array
                (
                    [id] => 1
                    [title] => ご飯
                    [amount] => 2
                    [ingredients] => 米、水
                    [memo] => ご飯メモ
                    [picture] => ご飯.jpg
                    [inserted_date] => 2018-04-24 06:21:42
                    [updated_date] => 2018-04-24 06:21:42
                )

        )

    [result_detail] => Array
        (
            [0] => Array
                (
                    [step] => 米を研ぐ。
                )

            [1] => Array
                (
                    [step] => 米を炊く。
                )

            [2] => Array
                (
                    [step] => 米を蒸す。
                )

            [3] => Array
                (
                    [step] => よく混ぜる。
                )

        )

)
2018/05/01 07:33:55Array
(
    [result] => Array
        (
            [0] => Array
                (
                    [id] => 2
                    [title] => 味噌汁
                    [amount] => 2
                    [ingredients] => 水、味噌、出汁、豆腐、わかめ
                    [memo] => 基礎的味噌汁
                    [picture] => アップした画像
                    [inserted_date] => 2018-04-27 10:36:49
                    [updated_date] => 2018-04-27 10:36:49
                )

        )

    [result_detail] => Array
        (
            [0] => Array
                (
                    [step] => 湯を沸かす。
                )

        )

)
2018/05/01 07:33:58Array
(
    [result] => Array
        (
            [0] => Array
                (
                    [id] => 2
                    [title] => 味噌汁
                    [amount] => 2
                    [ingredients] => 水、味噌、出汁、豆腐、わかめ
                    [memo] => 基礎的味噌汁
                    [picture] => アップした画像
                    [inserted_date] => 2018-04-27 10:36:49
                    [updated_date] => 2018-04-27 10:36:49
                )

        )

    [result_detail] => Array
        (
            [0] => Array
                (
                    [step] => 湯を沸かす。
                )

        )

)
2018/05/01 07:34:02Array
(
    [result] => Array
        (
            [0] => Array
                (
                    [id] => 2
                    [title] => 味噌汁
                    [amount] => 2
                    [ingredients] => 水、味噌、出汁、豆腐、わかめ
                    [memo] => 基礎的味噌汁
                    [picture] => アップした画像
                    [inserted_date] => 2018-04-27 10:36:49
                    [updated_date] => 2018-04-27 10:36:49
                )

        )

    [result_detail] => Array
        (
            [0] => Array
                (
                    [step] => 湯を沸かす。
                )

        )

)
2018/05/01 07:35:03Array
(
    [result] => Array
        (
            [0] => Array
                (
                    [id] => 2
                    [title] => 味噌汁
                    [amount] => 2
                    [ingredients] => 水、味噌、出汁、豆腐、わかめ
                    [memo] => 基礎的味噌汁
                    [picture] => アップした画像
                    [inserted_date] => 2018-04-27 10:36:49
                    [updated_date] => 2018-04-27 10:36:49
                )

        )

    [result_detail] => Array
        (
            [0] => Array
                (
                    [step] => 湯を沸かす。
                )

        )

)
2018/05/01 07:35:07Array
(
    [result] => Array
        (
            [0] => Array
                (
                    [id] => 2
                    [title] => 味噌汁
                    [amount] => 2
                    [ingredients] => 水、味噌、出汁、豆腐、わかめ
                    [memo] => 基礎的味噌汁
                    [picture] => アップした画像
                    [inserted_date] => 2018-04-27 10:36:49
                    [updated_date] => 2018-04-27 10:36:49
                )

        )

    [result_detail] => Array
        (
            [0] => Array
                (
                    [step] => 湯を沸かす。
                )

        )

)
2018/05/01 07:52:17Array
(
    [result] => Array
        (
            [0] => Array
                (
                    [id] => 2
                    [title] => 味噌汁
                    [amount] => 2
                    [ingredients] => 水、味噌、出汁、豆腐、わかめ
                    [memo] => 基礎的味噌汁
                    [picture] => アップした画像
                    [inserted_date] => 2018-04-27 10:36:49
                    [updated_date] => 2018-04-27 10:36:49
                )

        )

    [result_detail] => Array
        (
            [0] => Array
                (
                    [step] => 湯を沸かす。
                )

        )

)
2018/05/01 07:52:20Array
(
    [result] => Array
        (
            [0] => Array
                (
                    [id] => 2
                    [title] => 味噌汁
                    [amount] => 2
                    [ingredients] => 水、味噌、出汁、豆腐、わかめ
                    [memo] => 基礎的味噌汁
                    [picture] => アップした画像
                    [inserted_date] => 2018-04-27 10:36:49
                    [updated_date] => 2018-04-27 10:36:49
                )

        )

    [result_detail] => Array
        (
            [0] => Array
                (
                    [step] => 湯を沸かす。
                )

        )

)
2018/05/01 07:53:29Array
(
    [result] => Array
        (
            [0] => Array
                (
                    [id] => 2
                    [title] => 味噌汁
                    [amount] => 2
                    [ingredients] => 水、味噌、出汁、豆腐、わかめ
                    [memo] => 基礎的味噌汁
                    [picture] => アップした画像
                    [inserted_date] => 2018-04-27 10:36:49
                    [updated_date] => 2018-04-27 10:36:49
                )

        )

    [result_detail] => Array
        (
            [0] => Array
                (
                    [step] => 湯を沸かす。
                )

        )

)
2018/05/01 07:53:32Array
(
    [result] => Array
        (
            [0] => Array
                (
                    [id] => 2
                    [title] => 味噌汁
                    [amount] => 2
                    [ingredients] => 水、味噌、出汁、豆腐、わかめ
                    [memo] => 基礎的味噌汁
                    [picture] => アップした画像
                    [inserted_date] => 2018-04-27 10:36:49
                    [updated_date] => 2018-04-27 10:36:49
                )

        )

    [result_detail] => Array
        (
            [0] => Array
                (
                    [step] => 湯を沸かす。
                )

        )

)
2018/05/01 07:55:51Array
(
    [result] => Array
        (
            [0] => Array
                (
                    [id] => 2
                    [title] => 味噌汁
                    [amount] => 2
                    [ingredients] => 水、味噌、出汁、豆腐、わかめ
                    [memo] => 基礎的味噌汁
                    [picture] => アップした画像
                    [inserted_date] => 2018-04-27 10:36:49
                    [updated_date] => 2018-04-27 10:36:49
                )

        )

    [result_detail] => Array
        (
            [0] => Array
                (
                    [step] => 湯を沸かす。
                )

        )

)
2018/05/01 07:55:56Array
(
    [result] => Array
        (
            [0] => Array
                (
                    [id] => 1
                    [title] => ご飯
                    [amount] => 2
                    [ingredients] => 米、水
                    [memo] => ご飯メモ
                    [picture] => ご飯.jpg
                    [inserted_date] => 2018-04-24 06:21:42
                    [updated_date] => 2018-04-24 06:21:42
                )

        )

    [result_detail] => Array
        (
            [0] => Array
                (
                    [step] => 米を研ぐ。
                )

            [1] => Array
                (
                    [step] => 米を炊く。
                )

            [2] => Array
                (
                    [step] => 米を蒸す。
                )

            [3] => Array
                (
                    [step] => よく混ぜる。
                )

        )

)
2018/05/01 08:03:08Array
(
    [result] => Array
        (
            [0] => Array
                (
                    [id] => 1
                    [title] => ご飯
                    [amount] => 2
                    [ingredients] => 米、水
                    [memo] => ご飯メモ
                    [picture] => ご飯.jpg
                    [inserted_date] => 2018-04-24 06:21:42
                    [updated_date] => 2018-04-24 06:21:42
                )

        )

    [result_detail] => Array
        (
            [0] => Array
                (
                    [step] => 米を研ぐ。
                )

            [1] => Array
                (
                    [step] => 米を炊く。
                )

            [2] => Array
                (
                    [step] => 米を蒸す。
                )

            [3] => Array
                (
                    [step] => よく混ぜる。
                )

        )

)
2018/05/01 08:05:02Array
(
    [result] => Array
        (
            [0] => Array
                (
                    [id] => 1
                    [title] => ご飯
                    [amount] => 2
                    [ingredients] => 米、水
                    [memo] => ご飯メモ
                    [picture] => ご飯.jpg
                    [inserted_date] => 2018-04-24 06:21:42
                    [updated_date] => 2018-04-24 06:21:42
                )

        )

    [result_detail] => Array
        (
            [0] => Array
                (
                    [step] => 米を研ぐ。
                )

            [1] => Array
                (
                    [step] => 米を炊く。
                )

            [2] => Array
                (
                    [step] => 米を蒸す。
                )

            [3] => Array
                (
                    [step] => よく混ぜる。
                )

        )

)
2018/05/01 08:05:04Array
(
    [result] => Array
        (
            [0] => Array
                (
                    [id] => 1
                    [title] => ご飯
                    [amount] => 2
                    [ingredients] => 米、水
                    [memo] => ご飯メモ
                    [picture] => ご飯.jpg
                    [inserted_date] => 2018-04-24 06:21:42
                    [updated_date] => 2018-04-24 06:21:42
                )

        )

    [result_detail] => Array
        (
            [0] => Array
                (
                    [step] => 米を研ぐ。
                )

            [1] => Array
                (
                    [step] => 米を炊く。
                )

            [2] => Array
                (
                    [step] => 米を蒸す。
                )

            [3] => Array
                (
                    [step] => よく混ぜる。
                )

        )

)
2018/05/01 08:07:08Array
(
    [result] => Array
        (
            [0] => Array
                (
                    [id] => 1
                    [title] => ご飯
                    [amount] => 2
                    [ingredients] => 米、水
                    [memo] => ご飯メモ
                    [picture] => ご飯.jpg
                    [inserted_date] => 2018-04-24 06:21:42
                    [updated_date] => 2018-04-24 06:21:42
                )

        )

    [result_detail] => Array
        (
            [0] => Array
                (
                    [step] => 米を研ぐ。
                )

            [1] => Array
                (
                    [step] => 米を炊く。
                )

            [2] => Array
                (
                    [step] => 米を蒸す。
                )

            [3] => Array
                (
                    [step] => よく混ぜる。
                )

        )

)
2018/05/01 08:07:10Array
(
    [result] => Array
        (
            [0] => Array
                (
                    [id] => 1
                    [title] => ご飯
                    [amount] => 2
                    [ingredients] => 米、水
                    [memo] => ご飯メモ
                    [picture] => ご飯.jpg
                    [inserted_date] => 2018-04-24 06:21:42
                    [updated_date] => 2018-04-24 06:21:42
                )

        )

    [result_detail] => Array
        (
            [0] => Array
                (
                    [step] => 米を研ぐ。
                )

            [1] => Array
                (
                    [step] => 米を炊く。
                )

            [2] => Array
                (
                    [step] => 米を蒸す。
                )

            [3] => Array
                (
                    [step] => よく混ぜる。
                )

        )

)
2018/05/01 08:08:55Array
(
    [result] => Array
        (
            [0] => Array
                (
                    [id] => 1
                    [title] => ご飯
                    [amount] => 2
                    [ingredients] => 米、水
                    [memo] => ご飯メモ
                    [picture] => ご飯.jpg
                    [inserted_date] => 2018-04-24 06:21:42
                    [updated_date] => 2018-04-24 06:21:42
                )

        )

    [result_detail] => Array
        (
            [0] => Array
                (
                    [step] => 米を研ぐ。
                )

            [1] => Array
                (
                    [step] => 米を炊く。
                )

            [2] => Array
                (
                    [step] => 米を蒸す。
                )

            [3] => Array
                (
                    [step] => よく混ぜる。
                )

        )

)
2018/05/01 08:08:57Array
(
    [result] => Array
        (
            [0] => Array
                (
                    [id] => 2
                    [title] => 味噌汁
                    [amount] => 2
                    [ingredients] => 水、味噌、出汁、豆腐、わかめ
                    [memo] => 基礎的味噌汁
                    [picture] => アップした画像
                    [inserted_date] => 2018-04-27 10:36:49
                    [updated_date] => 2018-04-27 10:36:49
                )

        )

    [result_detail] => Array
        (
            [0] => Array
                (
                    [step] => 湯を沸かす。
                )

        )

)
2018/05/01 08:09:05Array
(
    [result] => Array
        (
            [0] => Array
                (
                    [id] => 2
                    [title] => 味噌汁
                    [amount] => 2
                    [ingredients] => 水、味噌、出汁、豆腐、わかめ
                    [memo] => 基礎的味噌汁
                    [picture] => アップした画像
                    [inserted_date] => 2018-04-27 10:36:49
                    [updated_date] => 2018-04-27 10:36:49
                )

        )

    [result_detail] => Array
        (
            [0] => Array
                (
                    [step] => 湯を沸かす。
                )

        )

)
2018/05/01 08:09:07Array
(
    [result] => Array
        (
            [0] => Array
                (
                    [id] => 2
                    [title] => 味噌汁
                    [amount] => 2
                    [ingredients] => 水、味噌、出汁、豆腐、わかめ
                    [memo] => 基礎的味噌汁
                    [picture] => アップした画像
                    [inserted_date] => 2018-04-27 10:36:49
                    [updated_date] => 2018-04-27 10:36:49
                )

        )

    [result_detail] => Array
        (
            [0] => Array
                (
                    [step] => 湯を沸かす。
                )

        )

)
2018/05/01 08:09:39Array
(
    [result] => Array
        (
            [0] => Array
                (
                    [id] => 2
                    [title] => 味噌汁
                    [amount] => 2
                    [ingredients] => 水、味噌、出汁、豆腐、わかめ
                    [memo] => 基礎的味噌汁
                    [picture] => アップした画像
                    [inserted_date] => 2018-04-27 10:36:49
                    [updated_date] => 2018-04-27 10:36:49
                )

        )

    [result_detail] => Array
        (
            [0] => Array
                (
                    [step] => 湯を沸かす。
                )

        )

)
2018/05/01 08:09:54Array
(
    [result] => Array
        (
            [0] => Array
                (
                    [id] => 1
                    [title] => ご飯
                    [amount] => 2
                    [ingredients] => 米、水
                    [memo] => ご飯メモ
                    [picture] => ご飯.jpg
                    [inserted_date] => 2018-04-24 06:21:42
                    [updated_date] => 2018-04-24 06:21:42
                )

        )

    [result_detail] => Array
        (
            [0] => Array
                (
                    [step] => 米を研ぐ。
                )

            [1] => Array
                (
                    [step] => 米を炊く。
                )

            [2] => Array
                (
                    [step] => 米を蒸す。
                )

            [3] => Array
                (
                    [step] => よく混ぜる。
                )

        )

)
2018/05/01 08:13:35Array
(
    [result] => Array
        (
            [0] => Array
                (
                    [id] => 1
                    [title] => ご飯
                    [amount] => 2
                    [ingredients] => 米、水
                    [memo] => ご飯メモ
                    [picture] => ご飯.jpg
                    [inserted_date] => 2018-04-24 06:21:42
                    [updated_date] => 2018-04-24 06:21:42
                )

        )

    [result_detail] => Array
        (
            [0] => Array
                (
                    [step] => 米を研ぐ。
                )

            [1] => Array
                (
                    [step] => 米を炊く。
                )

            [2] => Array
                (
                    [step] => 米を蒸す。
                )

            [3] => Array
                (
                    [step] => よく混ぜる。
                )

        )

)
2018/05/01 08:13:39Array
(
    [result] => Array
        (
            [0] => Array
                (
                    [id] => 1
                    [title] => ご飯
                    [amount] => 2
                    [ingredients] => 米、水
                    [memo] => ご飯メモ
                    [picture] => ご飯.jpg
                    [inserted_date] => 2018-04-24 06:21:42
                    [updated_date] => 2018-04-24 06:21:42
                )

        )

    [result_detail] => Array
        (
            [0] => Array
                (
                    [step] => 米を研ぐ。
                )

            [1] => Array
                (
                    [step] => 米を炊く。
                )

            [2] => Array
                (
                    [step] => 米を蒸す。
                )

            [3] => Array
                (
                    [step] => よく混ぜる。
                )

        )

)
2018/05/01 08:13:45Array
(
    [result] => Array
        (
            [0] => Array
                (
                    [id] => 1
                    [title] => ご飯
                    [amount] => 2
                    [ingredients] => 米、水
                    [memo] => ご飯メモ
                    [picture] => ご飯.jpg
                    [inserted_date] => 2018-04-24 06:21:42
                    [updated_date] => 2018-04-24 06:21:42
                )

        )

    [result_detail] => Array
        (
            [0] => Array
                (
                    [step] => 米を研ぐ。
                )

            [1] => Array
                (
                    [step] => 米を炊く。
                )

            [2] => Array
                (
                    [step] => 米を蒸す。
                )

            [3] => Array
                (
                    [step] => よく混ぜる。
                )

        )

)
2018/05/01 08:15:39Array
(
    [result] => Array
        (
            [0] => Array
                (
                    [id] => 1
                    [title] => ご飯
                    [amount] => 2
                    [ingredients] => 米、水
                    [memo] => ご飯メモ
                    [picture] => ご飯.jpg
                    [inserted_date] => 2018-04-24 06:21:42
                    [updated_date] => 2018-04-24 06:21:42
                )

        )

    [result_detail] => Array
        (
            [0] => Array
                (
                    [step] => 米を研ぐ。
                )

            [1] => Array
                (
                    [step] => 米を炊く。
                )

            [2] => Array
                (
                    [step] => 米を蒸す。
                )

            [3] => Array
                (
                    [step] => よく混ぜる。
                )

        )

)
2018/05/01 08:15:39Array
(
    [result] => Array
        (
            [0] => Array
                (
                    [id] => 1
                    [title] => ご飯
                    [amount] => 2
                    [ingredients] => 米、水
                    [memo] => ご飯メモ
                    [picture] => ご飯.jpg
                    [inserted_date] => 2018-04-24 06:21:42
                    [updated_date] => 2018-04-24 06:21:42
                )

        )

    [result_detail] => Array
        (
            [0] => Array
                (
                    [step] => 米を研ぐ。
                )

            [1] => Array
                (
                    [step] => 米を炊く。
                )

            [2] => Array
                (
                    [step] => 米を蒸す。
                )

            [3] => Array
                (
                    [step] => よく混ぜる。
                )

        )

)
2018/05/01 08:15:41Array
(
    [result] => Array
        (
            [0] => Array
                (
                    [id] => 1
                    [title] => ご飯
                    [amount] => 2
                    [ingredients] => 米、水
                    [memo] => ご飯メモ
                    [picture] => ご飯.jpg
                    [inserted_date] => 2018-04-24 06:21:42
                    [updated_date] => 2018-04-24 06:21:42
                )

        )

    [result_detail] => Array
        (
            [0] => Array
                (
                    [step] => 米を研ぐ。
                )

            [1] => Array
                (
                    [step] => 米を炊く。
                )

            [2] => Array
                (
                    [step] => 米を蒸す。
                )

            [3] => Array
                (
                    [step] => よく混ぜる。
                )

        )

)
2018/05/01 08:15:47Array
(
    [result] => Array
        (
            [0] => Array
                (
                    [id] => 1
                    [title] => ご飯
                    [amount] => 2
                    [ingredients] => 米、水
                    [memo] => ご飯メモ
                    [picture] => ご飯.jpg
                    [inserted_date] => 2018-04-24 06:21:42
                    [updated_date] => 2018-04-24 06:21:42
                )

        )

    [result_detail] => Array
        (
            [0] => Array
                (
                    [step] => 米を研ぐ。
                )

            [1] => Array
                (
                    [step] => 米を炊く。
                )

            [2] => Array
                (
                    [step] => 米を蒸す。
                )

            [3] => Array
                (
                    [step] => よく混ぜる。
                )

        )

)
2018/05/01 08:54:10Array
(
    [result] => Array
        (
            [0] => Array
                (
                    [id] => 1
                    [title] => ご飯
                    [amount] => 2
                    [ingredients] => 米、水
                    [memo] => ご飯メモ
                    [picture] => ご飯.jpg
                    [inserted_date] => 2018-04-24 06:21:42
                    [updated_date] => 2018-04-24 06:21:42
                )

        )

    [result_detail] => Array
        (
            [0] => Array
                (
                    [step] => 米を研ぐ。
                )

            [1] => Array
                (
                    [step] => 米を炊く。
                )

            [2] => Array
                (
                    [step] => 米を蒸す。
                )

            [3] => Array
                (
                    [step] => よく混ぜる。
                )

        )

)
2018/05/01 08:54:15Array
(
    [result] => Array
        (
            [0] => Array
                (
                    [id] => 1
                    [title] => ご飯
                    [amount] => 2
                    [ingredients] => 米、水
                    [memo] => ご飯メモ
                    [picture] => ご飯.jpg
                    [inserted_date] => 2018-04-24 06:21:42
                    [updated_date] => 2018-04-24 06:21:42
                )

        )

    [result_detail] => Array
        (
            [0] => Array
                (
                    [step] => 米を研ぐ。
                )

            [1] => Array
                (
                    [step] => 米を炊く。
                )

            [2] => Array
                (
                    [step] => 米を蒸す。
                )

            [3] => Array
                (
                    [step] => よく混ぜる。
                )

        )

)
2018/05/01 09:04:44Array
(
    [result] => Array
        (
            [0] => Array
                (
                    [id] => 1
                    [title] => ご飯
                    [amount] => 2
                    [ingredients] => 米、水
                    [memo] => ご飯メモ
                    [picture] => ご飯.jpg
                    [inserted_date] => 2018-04-24 06:21:42
                    [updated_date] => 2018-04-24 06:21:42
                )

        )

    [result_detail] => Array
        (
            [0] => Array
                (
                    [step] => 米を研ぐ。
                )

            [1] => Array
                (
                    [step] => 米を炊く。
                )

            [2] => Array
                (
                    [step] => 米を蒸す。
                )

            [3] => Array
                (
                    [step] => よく混ぜる。
                )

        )

)
2018/05/01 09:04:48Array
(
    [result] => Array
        (
            [0] => Array
                (
                    [id] => 1
                    [title] => ご飯
                    [amount] => 2
                    [ingredients] => 米、水
                    [memo] => ご飯メモ
                    [picture] => ご飯.jpg
                    [inserted_date] => 2018-04-24 06:21:42
                    [updated_date] => 2018-04-24 06:21:42
                )

        )

    [result_detail] => Array
        (
            [0] => Array
                (
                    [step] => 米を研ぐ。
                )

            [1] => Array
                (
                    [step] => 米を炊く。
                )

            [2] => Array
                (
                    [step] => 米を蒸す。
                )

            [3] => Array
                (
                    [step] => よく混ぜる。
                )

        )

)
2018/05/01 09:34:21Array
(
    [result] => Array
        (
            [0] => Array
                (
                    [id] => 1
                    [title] => ご飯
                    [amount] => 2
                    [ingredients] => 米、水
                    [memo] => ご飯メモ
                    [picture] => ご飯.jpg
                    [inserted_date] => 2018-04-24 06:21:42
                    [updated_date] => 2018-04-24 06:21:42
                )

        )

    [result_detail] => Array
        (
            [0] => Array
                (
                    [step] => 米を研ぐ。
                )

            [1] => Array
                (
                    [step] => 米を炊く。
                )

            [2] => Array
                (
                    [step] => 米を蒸す。
                )

            [3] => Array
                (
                    [step] => よく混ぜる。
                )

        )

)
2018/05/01 09:34:52Array
(
    [result] => Array
        (
            [0] => Array
                (
                    [id] => 1
                    [title] => ご飯
                    [amount] => 2
                    [ingredients] => 米、水
                    [memo] => ご飯メモ
                    [picture] => ご飯.jpg
                    [inserted_date] => 2018-04-24 06:21:42
                    [updated_date] => 2018-04-24 06:21:42
                )

        )

    [result_detail] => Array
        (
            [0] => Array
                (
                    [step] => 米を研ぐ。
                )

            [1] => Array
                (
                    [step] => 米を炊く。
                )

            [2] => Array
                (
                    [step] => 米を蒸す。
                )

            [3] => Array
                (
                    [step] => よく混ぜる。
                )

        )

)
2018/05/02 00:36:49Array
(
    [result] => Array
        (
            [0] => Array
                (
                    [id] => 2
                    [title] => 味噌汁
                    [amount] => 2
                    [ingredients] => 水、味噌、出汁、豆腐、わかめ
                    [memo] => 基礎的味噌汁
                    [picture] => アップした画像
                    [inserted_date] => 2018-04-27 10:36:49
                    [updated_date] => 2018-04-27 10:36:49
                )

        )

    [result_detail] => Array
        (
            [0] => Array
                (
                    [step] => 湯を沸かす。
                )

        )

)
2018/05/02 00:47:18Array
(
    [result] => Array
        (
            [0] => Array
                (
                    [id] => 2
                    [title] => 味噌汁
                    [amount] => 2
                    [ingredients] => 水、味噌、出汁、豆腐、わかめ
                    [memo] => 基礎的味噌汁
                    [picture] => アップした画像
                    [inserted_date] => 2018-04-27 10:36:49
                    [updated_date] => 2018-04-27 10:36:49
                )

        )

    [result_detail] => Array
        (
            [0] => Array
                (
                    [step] => 湯を沸かす。
                )

        )

)
2018/05/02 00:51:41Array
(
    [result] => Array
        (
            [0] => Array
                (
                    [id] => 2
                    [title] => 味噌汁
                    [amount] => 2
                    [ingredients] => 水、味噌、出汁、豆腐、わかめ
                    [memo] => 基礎的味噌汁
                    [picture] => アップした画像
                    [inserted_date] => 2018-04-27 10:36:49
                    [updated_date] => 2018-04-27 10:36:49
                )

        )

    [result_detail] => Array
        (
            [0] => Array
                (
                    [step] => 湯を沸かす。
                )

        )

)
2018/05/02 00:53:45Array
(
    [result] => Array
        (
            [0] => Array
                (
                    [id] => 2
                    [title] => 味噌汁
                    [amount] => 2
                    [ingredients] => 水、味噌、出汁、豆腐、わかめ
                    [memo] => 基礎的味噌汁
                    [picture] => アップした画像
                    [inserted_date] => 2018-04-27 10:36:49
                    [updated_date] => 2018-04-27 10:36:49
                )

        )

    [result_detail] => Array
        (
            [0] => Array
                (
                    [step] => 湯を沸かす。
                )

        )

)
2018/05/02 01:10:57Array
(
    [result] => Array
        (
            [0] => Array
                (
                    [id] => 2
                    [title] => 味噌汁
                    [amount] => 2
                    [ingredients] => 水、味噌、出汁、豆腐、わかめ
                    [memo] => 基礎的味噌汁
                    [picture] => アップした画像
                    [inserted_date] => 2018-04-27 10:36:49
                    [updated_date] => 2018-04-27 10:36:49
                )

        )

    [result_detail] => Array
        (
            [0] => Array
                (
                    [step] => 湯を沸かす。
                )

        )

)
2018/05/02 01:13:40Array
(
    [result] => Array
        (
            [0] => Array
                (
                    [id] => 2
                    [title] => 味噌汁
                    [amount] => 2
                    [ingredients] => 水、味噌、出汁、豆腐、わかめ
                    [memo] => 基礎的味噌汁
                    [picture] => アップした画像
                    [inserted_date] => 2018-04-27 10:36:49
                    [updated_date] => 2018-04-27 10:36:49
                )

        )

    [result_detail] => Array
        (
            [0] => Array
                (
                    [step] => 湯を沸かす。
                )

        )

)
2018/05/02 01:15:16Array
(
    [result] => Array
        (
            [0] => Array
                (
                    [id] => 2
                    [title] => 味噌汁
                    [amount] => 2
                    [ingredients] => 水、味噌、出汁、豆腐、わかめ
                    [memo] => 基礎的味噌汁
                    [picture] => アップした画像
                    [inserted_date] => 2018-04-27 10:36:49
                    [updated_date] => 2018-04-27 10:36:49
                )

        )

    [result_detail] => Array
        (
            [0] => Array
                (
                    [step] => 湯を沸かす。
                )

        )

)
2018/05/02 01:16:49Array
(
    [result] => Array
        (
            [0] => Array
                (
                    [id] => 2
                    [title] => 味噌汁
                    [amount] => 2
                    [ingredients] => 水、味噌、出汁、豆腐、わかめ
                    [memo] => 基礎的味噌汁
                    [picture] => アップした画像
                    [inserted_date] => 2018-04-27 10:36:49
                    [updated_date] => 2018-04-27 10:36:49
                )

        )

    [result_detail] => Array
        (
            [0] => Array
                (
                    [step] => 湯を沸かす。
                )

        )

)
2018/05/02 01:18:52Array
(
    [result] => Array
        (
            [0] => Array
                (
                    [id] => 2
                    [title] => 味噌汁
                    [amount] => 2
                    [ingredients] => 水、味噌、出汁、豆腐、わかめ
                    [memo] => 基礎的味噌汁
                    [picture] => アップした画像
                    [inserted_date] => 2018-04-27 10:36:49
                    [updated_date] => 2018-04-27 10:36:49
                )

        )

    [result_detail] => Array
        (
            [0] => Array
                (
                    [step] => 湯を沸かす。
                )

        )

)
2018/05/02 01:20:42Array
(
    [result] => Array
        (
            [0] => Array
                (
                    [id] => 2
                    [title] => 味噌汁
                    [amount] => 2
                    [ingredients] => 水、味噌、出汁、豆腐、わかめ
                    [memo] => 基礎的味噌汁
                    [picture] => アップした画像
                    [inserted_date] => 2018-04-27 10:36:49
                    [updated_date] => 2018-04-27 10:36:49
                )

        )

    [result_detail] => Array
        (
            [0] => Array
                (
                    [step] => 湯を沸かす。
                )

        )

)
2018/05/02 01:28:41Array
(
    [result] => Array
        (
            [0] => Array
                (
                    [id] => 2
                    [title] => 味噌汁
                    [amount] => 2
                    [ingredients] => 水、味噌、出汁、豆腐、わかめ
                    [memo] => 基礎的味噌汁
                    [picture] => アップした画像
                    [inserted_date] => 2018-04-27 10:36:49
                    [updated_date] => 2018-04-27 10:36:49
                )

        )

    [result_detail] => Array
        (
            [0] => Array
                (
                    [step] => 湯を沸かす。
                )

        )

)
2018/05/02 01:32:54Array
(
    [result] => Array
        (
            [0] => Array
                (
                    [id] => 2
                    [title] => 味噌汁
                    [amount] => 2
                    [ingredients] => 水、味噌、出汁、豆腐、わかめ
                    [memo] => 基礎的味噌汁
                    [picture] => アップした画像
                    [inserted_date] => 2018-04-27 10:36:49
                    [updated_date] => 2018-04-27 10:36:49
                )

        )

    [result_detail] => Array
        (
            [0] => Array
                (
                    [step] => 湯を沸かす。
                )

        )

)
2018/05/02 01:34:24Array
(
    [result] => Array
        (
            [0] => Array
                (
                    [id] => 2
                    [title] => 味噌汁
                    [amount] => 2
                    [ingredients] => 水、味噌、出汁、豆腐、わかめ
                    [memo] => 基礎的味噌汁
                    [picture] => アップした画像
                    [inserted_date] => 2018-04-27 10:36:49
                    [updated_date] => 2018-04-27 10:36:49
                )

        )

    [result_detail] => Array
        (
            [0] => Array
                (
                    [step] => 湯を沸かす。
                )

        )

)
2018/05/02 01:38:29Array
(
    [result] => Array
        (
            [0] => Array
                (
                    [id] => 2
                    [title] => 味噌汁
                    [amount] => 2
                    [ingredients] => 水、味噌、出汁、豆腐、わかめ
                    [memo] => 基礎的味噌汁
                    [picture] => アップした画像
                    [inserted_date] => 2018-04-27 10:36:49
                    [updated_date] => 2018-04-27 10:36:49
                )

        )

    [result_detail] => Array
        (
            [0] => Array
                (
                    [step] => 湯を沸かす。
                )

        )

)
2018/05/02 01:42:51Array
(
    [result] => Array
        (
            [0] => Array
                (
                    [id] => 2
                    [title] => 味噌汁
                    [amount] => 2
                    [ingredients] => 水、味噌、出汁、豆腐、わかめ
                    [memo] => 基礎的味噌汁
                    [picture] => アップした画像
                    [inserted_date] => 2018-04-27 10:36:49
                    [updated_date] => 2018-04-27 10:36:49
                )

        )

    [result_detail] => Array
        (
            [0] => Array
                (
                    [step] => 湯を沸かす。
                )

        )

)
2018/05/02 01:56:40Array
(
    [result] => Array
        (
            [0] => Array
                (
                    [id] => 2
                    [title] => 味噌汁
                    [amount] => 2
                    [ingredients] => 水、味噌、出汁、豆腐、わかめ
                    [memo] => 基礎的味噌汁
                    [picture] => アップした画像
                    [inserted_date] => 2018-04-27 10:36:49
                    [updated_date] => 2018-04-27 10:36:49
                )

        )

    [result_detail] => Array
        (
            [0] => Array
                (
                    [step] => 湯を沸かす。
                )

        )

)
2018/05/02 02:01:50Array
(
    [result] => Array
        (
            [0] => Array
                (
                    [id] => 2
                    [title] => 味噌汁
                    [amount] => 2
                    [ingredients] => 水、味噌、出汁、豆腐、わかめ
                    [memo] => 基礎的味噌汁
                    [picture] => アップした画像
                    [inserted_date] => 2018-04-27 10:36:49
                    [updated_date] => 2018-04-27 10:36:49
                )

        )

    [result_detail] => Array
        (
            [0] => Array
                (
                    [step] => 湯を沸かす。
                )

        )

)
2018/05/02 02:02:40Array
(
    [result] => Array
        (
            [0] => Array
                (
                    [id] => 2
                    [title] => 味噌汁
                    [amount] => 2
                    [ingredients] => 水、味噌、出汁、豆腐、わかめ
                    [memo] => 基礎的味噌汁
                    [picture] => アップした画像
                    [inserted_date] => 2018-04-27 10:36:49
                    [updated_date] => 2018-04-27 10:36:49
                )

        )

    [result_detail] => Array
        (
            [0] => Array
                (
                    [step] => 湯を沸かす。
                )

        )

)
2018/05/02 02:08:21Array
(
    [result] => Array
        (
            [0] => Array
                (
                    [id] => 2
                    [title] => 味噌汁
                    [amount] => 2
                    [ingredients] => 水、味噌、出汁、豆腐、わかめ
                    [memo] => 基礎的味噌汁
                    [picture] => アップした画像
                    [inserted_date] => 2018-04-27 10:36:49
                    [updated_date] => 2018-04-27 10:36:49
                )

        )

    [result_detail] => Array
        (
            [0] => Array
                (
                    [step] => 湯を沸かす。
                )

        )

)
2018/05/02 02:14:45Array
(
    [result] => Array
        (
            [0] => Array
                (
                    [id] => 2
                    [title] => 味噌汁
                    [amount] => 2
                    [ingredients] => 水、味噌、出汁、豆腐、わかめ
                    [memo] => 基礎的味噌汁
                    [picture] => アップした画像
                    [inserted_date] => 2018-04-27 10:36:49
                    [updated_date] => 2018-04-27 10:36:49
                )

        )

    [result_detail] => Array
        (
            [0] => Array
                (
                    [step] => 湯を沸かす。
                )

        )

)
2018/05/02 02:27:02Array
(
    [result] => Array
        (
            [0] => Array
                (
                    [id] => 2
                    [title] => 味噌汁
                    [amount] => 2
                    [ingredients] => 水、味噌、出汁、豆腐、わかめ
                    [memo] => 基礎的味噌汁
                    [picture] => アップした画像
                    [inserted_date] => 2018-04-27 10:36:49
                    [updated_date] => 2018-04-27 10:36:49
                )

        )

    [result_detail] => Array
        (
            [0] => Array
                (
                    [step] => 湯を沸かす。
                )

        )

)
2018/05/02 02:27:37Array
(
    [result] => Array
        (
            [0] => Array
                (
                    [id] => 2
                    [title] => 味噌汁
                    [amount] => 2
                    [ingredients] => 水、味噌、出汁、豆腐、わかめ
                    [memo] => 基礎的味噌汁
                    [picture] => アップした画像
                    [inserted_date] => 2018-04-27 10:36:49
                    [updated_date] => 2018-04-27 10:36:49
                )

        )

    [result_detail] => Array
        (
            [0] => Array
                (
                    [step] => 湯を沸かす。
                )

        )

)
2018/05/02 02:29:35Array
(
    [result] => Array
        (
            [0] => Array
                (
                    [id] => 2
                    [title] => 味噌汁
                    [amount] => 2
                    [ingredients] => 水、味噌、出汁、豆腐、わかめ
                    [memo] => 基礎的味噌汁
                    [picture] => アップした画像
                    [inserted_date] => 2018-04-27 10:36:49
                    [updated_date] => 2018-04-27 10:36:49
                )

        )

    [result_detail] => Array
        (
            [0] => Array
                (
                    [step] => 湯を沸かす。
                )

        )

)
2018/05/02 02:33:11Array
(
    [result] => Array
        (
            [0] => Array
                (
                    [id] => 2
                    [title] => 味噌汁
                    [amount] => 2
                    [ingredients] => 水、味噌、出汁、豆腐、わかめ
                    [memo] => 基礎的味噌汁
                    [picture] => アップした画像
                    [inserted_date] => 2018-04-27 10:36:49
                    [updated_date] => 2018-04-27 10:36:49
                )

        )

    [result_detail] => Array
        (
            [0] => Array
                (
                    [step] => 湯を沸かす。
                )

        )

)
2018/05/02 03:05:55Array
(
    [result] => Array
        (
            [0] => Array
                (
                    [id] => 2
                    [title] => 味噌汁
                    [amount] => 2
                    [ingredients] => 水、味噌、出汁、豆腐、わかめ
                    [memo] => 基礎的味噌汁
                    [picture] => アップした画像
                    [inserted_date] => 2018-04-27 10:36:49
                    [updated_date] => 2018-04-27 10:36:49
                )

        )

    [result_detail] => Array
        (
            [0] => Array
                (
                    [step] => 湯を沸かす。
                )

        )

)
2018/05/02 04:19:42Array
(
    [result] => Array
        (
            [0] => Array
                (
                    [id] => 2
                    [title] => 味噌汁
                    [amount] => 2
                    [ingredients] => 水、味噌、出汁、豆腐、わかめ
                    [memo] => 基礎的味噌汁
                    [picture] => アップした画像
                    [inserted_date] => 2018-04-27 10:36:49
                    [updated_date] => 2018-04-27 10:36:49
                )

        )

    [result_detail] => Array
        (
            [0] => Array
                (
                    [step] => 湯を沸かす。
                )

        )

)
2018/05/02 04:23:08Array
(
    [result] => Array
        (
            [0] => Array
                (
                    [id] => 2
                    [title] => 味噌汁
                    [amount] => 2
                    [ingredients] => 水、味噌、出汁、豆腐、わかめ
                    [memo] => 基礎的味噌汁
                    [picture] => アップした画像
                    [inserted_date] => 2018-04-27 10:36:49
                    [updated_date] => 2018-04-27 10:36:49
                )

        )

    [result_detail] => Array
        (
            [0] => Array
                (
                    [step] => 湯を沸かす。
                )

        )

)
2018/05/02 04:28:32Array
(
    [result] => Array
        (
            [0] => Array
                (
                    [id] => 2
                    [title] => 味噌汁
                    [amount] => 2
                    [ingredients] => 水、味噌、出汁、豆腐、わかめ
                    [memo] => 基礎的味噌汁
                    [picture] => アップした画像
                    [inserted_date] => 2018-04-27 10:36:49
                    [updated_date] => 2018-04-27 10:36:49
                )

        )

    [result_detail] => Array
        (
            [0] => Array
                (
                    [step] => 湯を沸かす。
                )

        )

)
2018/05/02 04:29:16Array
(
    [result] => Array
        (
            [0] => Array
                (
                    [id] => 2
                    [title] => 味噌汁
                    [amount] => 2
                    [ingredients] => 水、味噌、出汁、豆腐、わかめ
                    [memo] => 基礎的味噌汁
                    [picture] => アップした画像
                    [inserted_date] => 2018-04-27 10:36:49
                    [updated_date] => 2018-04-27 10:36:49
                )

        )

    [result_detail] => Array
        (
            [0] => Array
                (
                    [step] => 湯を沸かす。
                )

        )

)
2018/05/02 04:33:11Array
(
    [result] => Array
        (
            [0] => Array
                (
                    [id] => 4
                    [title] => 味噌汁セカンド
                    [amount] => 2
                    [ingredients] => 出汁、水、味噌、わかめ、豆腐、油揚げ
                    [memo] => ベタな具
                    [picture] => picture
                    [inserted_date] => 2018-05-02 05:43:14
                    [updated_date] => 2018-05-02 05:43:14
                )

        )

    [result_detail] => Array
        (
            [0] => Array
                (
                    [step] => 湯を沸かす。
                )

        )

)
2018/05/02 04:45:02Array
(
    [result] => Array
        (
            [0] => Array
                (
                    [id] => 3
                    [title] => ご飯セカンド
                    [amount] => 2
                    [ingredients] => 米、水
                    [memo] => ふっくらほかほか
                    [picture] => picture
                    [inserted_date] => 2018-05-02 05:40:13
                    [updated_date] => 2018-05-02 05:40:13
                )

        )

    [result_detail] => Array
        (
            [0] => Array
                (
                    [step] => 米を研ぐ。
                )

            [1] => Array
                (
                    [step] => 米を炊く。
                )

            [2] => Array
                (
                    [step] => 米を蒸す。
                )

            [3] => Array
                (
                    [step] => よく混ぜる。
                )

        )

)
2018/05/02 04:45:17Array
(
    [result] => Array
        (
            [0] => Array
                (
                    [id] => 4
                    [title] => 味噌汁セカンド
                    [amount] => 2
                    [ingredients] => 出汁、水、味噌、わかめ、豆腐、油揚げ
                    [memo] => ベタな具
                    [picture] => picture
                    [inserted_date] => 2018-05-02 05:43:14
                    [updated_date] => 2018-05-02 05:43:14
                )

        )

    [result_detail] => Array
        (
            [0] => Array
                (
                    [step] => 湯を沸かす。
                )

        )

)
2018/05/02 04:45:27Array
(
    [result] => Array
        (
            [0] => Array
                (
                    [id] => 3
                    [title] => ご飯セカンド
                    [amount] => 2
                    [ingredients] => 米、水
                    [memo] => ふっくらほかほか
                    [picture] => picture
                    [inserted_date] => 2018-05-02 05:40:13
                    [updated_date] => 2018-05-02 05:40:13
                )

        )

    [result_detail] => Array
        (
            [0] => Array
                (
                    [step] => 米を研ぐ。
                )

            [1] => Array
                (
                    [step] => 米を炊く。
                )

            [2] => Array
                (
                    [step] => 米を蒸す。
                )

            [3] => Array
                (
                    [step] => よく混ぜる。
                )

        )

)
2018/05/02 04:51:55Array
(
    [result] => Array
        (
            [0] => Array
                (
                    [id] => 5
                    [title] => ご飯セカンド
                    [amount] => 2
                    [ingredients] => 米、水
                    [memo] => ふっくらほかほか
                    [picture] => picture
                    [inserted_date] => 2018-05-02 05:53:19
                    [updated_date] => 2018-05-02 05:53:19
                )

        )

    [result_detail] => Array
        (
            [0] => Array
                (
                    [step] => 米を研ぐ。
                )

            [1] => Array
                (
                    [step] => 米を炊く。
                )

            [2] => Array
                (
                    [step] => 米を蒸す。
                )

            [3] => Array
                (
                    [step] => よく混ぜる。
                )

        )

)
2018/05/02 04:54:10Array
(
    [result] => Array
        (
            [0] => Array
                (
                    [id] => 6
                    [title] => ご飯セカンド
                    [amount] => 2
                    [ingredients] => 米、水
                    [memo] => ふっくらほかほか
                    [picture] => picture
                    [inserted_date] => 2018-05-02 05:58:51
                    [updated_date] => 2018-05-02 05:58:51
                )

        )

    [result_detail] => Array
        (
        )

)
2018/05/02 05:01:18Array
(
    [result] => Array
        (
            [0] => Array
                (
                    [id] => 7
                    [title] => 味噌汁セカンド
                    [amount] => 2
                    [ingredients] => 出汁、水、味噌、わかめ、豆腐、油揚げ
                    [memo] => ベタな具
                    [picture] => picture
                    [inserted_date] => 2018-05-02 05:59:11
                    [updated_date] => 2018-05-02 05:59:11
                )

        )

    [result_detail] => Array
        (
            [0] => Array
                (
                    [step] => 湯を沸かす。
                )

        )

)
2018/05/02 05:01:29Array
(
    [result] => Array
        (
            [0] => Array
                (
                    [id] => 6
                    [title] => ご飯セカンド
                    [amount] => 2
                    [ingredients] => 米、水
                    [memo] => ふっくらほかほか
                    [picture] => picture
                    [inserted_date] => 2018-05-02 05:58:51
                    [updated_date] => 2018-05-02 05:58:51
                )

        )

    [result_detail] => Array
        (
        )

)
2018/05/02 05:06:04Array
(
    [result] => Array
        (
            [0] => Array
                (
                    [id] => 9
                    [title] => うどん
                    [amount] => 2
                    [ingredients] => 出汁、うどん
                    [memo] => うどん
                    [picture] => うどん
                    [inserted_date] => 0000-00-00 00:00:00
                    [updated_date] => 0000-00-00 00:00:00
                )

        )

    [result_detail] => Array
        (
        )

)
2018/05/02 07:04:49Array
(
    [result] => Array
        (
            [0] => Array
                (
                    [id] => 13
                    [title] => うどん
                    [amount] => 2
                    [ingredients] => 出汁、うどん
                    [memo] => うどん
                    [picture] => うどん
                    [inserted_date] => 0000-00-00 00:00:00
                    [updated_date] => 0000-00-00 00:00:00
                )

        )

    [result_detail] => Array
        (
        )

)
2018/05/02 07:16:14