Array
(
    [0] => Array
        (
            [max(id)+1] => 18
        )

)
2018/05/02 08:07:46Array
(
    [maxid] => Array
        (
            [0] => Array
                (
                    [max(id)+1] => 19
                )

        )

)
2018/05/02 08:16:16Array
(
    [0] => Array
        (
            [0] => Array
                (
                    [max(id)+1] => 19
                )

        )

)
2018/05/02 08:18:39Array
(
    [0] => Array
        (
            [0] => Array
                (
                    [max(id)+1] => 19
                )

        )

)
2018/05/02 08:22:17