CI_DB_mysqli_result Object
(
    [conn_id] => mysqli Object
        (
            [affected_rows] => 1
            [client_info] => mysqlnd 5.0.12-dev - 20150407 - $Id: b5c5906d452ec590732a93b051f3827e02749b83 $
            [client_version] => 50012
            [connect_errno] => 0
            [connect_error] => 
            [errno] => 0
            [error] => 
            [error_list] => Array
                (
                )

            [field_count] => 1
            [host_info] => Localhost via UNIX socket
            [info] => 
            [insert_id] => 0
            [server_info] => 5.6.40
            [server_version] => 50640
            [stat] => Uptime: 28409  Threads: 3  Questions: 825  Slow queries: 0  Opens: 70  Flush tables: 1  Open tables: 63  Queries per second avg: 0.029
            [sqlstate] => 00000
            [protocol_version] => 10
            [thread_id] => 152
            [warning_count] => 0
        )

    [result_id] => mysqli_result Object
        (
            [current_field] => 0
            [field_count] => 1
            [lengths] => 
            [num_rows] => 1
            [type] => 0
        )

    [result_array] => Array
        (
        )

    [result_object] => Array
        (
        )

    [custom_result_object] => Array
        (
        )

    [current_row] => 0
    [num_rows] => 
    [row_data] => 
)
2018/05/02 08:22:17CI_DB_mysqli_result Object
(
    [conn_id] => mysqli Object
        (
            [affected_rows] => 1
            [client_info] => mysqlnd 5.0.12-dev - 20150407 - $Id: b5c5906d452ec590732a93b051f3827e02749b83 $
            [client_version] => 50012
            [connect_errno] => 0
            [connect_error] => 
            [errno] => 0
            [error] => 
            [error_list] => Array
                (
                )

            [field_count] => 1
            [host_info] => Localhost via UNIX socket
            [info] => 
            [insert_id] => 0
            [server_info] => 5.6.40
            [server_version] => 50640
            [stat] => Uptime: 28409  Threads: 3  Questions: 827  Slow queries: 0  Opens: 70  Flush tables: 1  Open tables: 63  Queries per second avg: 0.029
            [sqlstate] => 00000
            [protocol_version] => 10
            [thread_id] => 152
            [warning_count] => 0
        )

    [result_id] => mysqli_result Object
        (
            [current_field] => 0
            [field_count] => 1
            [lengths] => 
            [num_rows] => 1
            [type] => 0
        )

    [result_array] => Array
        (
        )

    [result_object] => Array
        (
        )

    [custom_result_object] => Array
        (
        )

    [current_row] => 0
    [num_rows] => 
    [row_data] => 
)
2018/05/02 08:22:17CI_DB_mysqli_result Object
(
    [conn_id] => mysqli Object
        (
            [affected_rows] => 1
            [client_info] => mysqlnd 5.0.12-dev - 20150407 - $Id: b5c5906d452ec590732a93b051f3827e02749b83 $
            [client_version] => 50012
            [connect_errno] => 0
            [connect_error] => 
            [errno] => 0
            [error] => 
            [error_list] => Array
                (
                )

            [field_count] => 1
            [host_info] => Localhost via UNIX socket
            [info] => 
            [insert_id] => 0
            [server_info] => 5.6.40
            [server_version] => 50640
            [stat] => Uptime: 28774  Threads: 3  Questions: 833  Slow queries: 0  Opens: 70  Flush tables: 1  Open tables: 63  Queries per second avg: 0.028
            [sqlstate] => 00000
            [protocol_version] => 10
            [thread_id] => 153
            [warning_count] => 0
        )

    [result_id] => mysqli_result Object
        (
            [current_field] => 0
            [field_count] => 1
            [lengths] => 
            [num_rows] => 1
            [type] => 0
        )

    [result_array] => Array
        (
        )

    [result_object] => Array
        (
        )

    [custom_result_object] => Array
        (
        )

    [current_row] => 0
    [num_rows] => 
    [row_data] => 
)
2018/05/02 08:28:22CI_DB_mysqli_result Object
(
    [conn_id] => mysqli Object
        (
            [affected_rows] => 1
            [client_info] => mysqlnd 5.0.12-dev - 20150407 - $Id: b5c5906d452ec590732a93b051f3827e02749b83 $
            [client_version] => 50012
            [connect_errno] => 0
            [connect_error] => 
            [errno] => 0
            [error] => 
            [error_list] => Array
                (
                )

            [field_count] => 1
            [host_info] => Localhost via UNIX socket
            [info] => 
            [insert_id] => 0
            [server_info] => 5.6.40
            [server_version] => 50640
            [stat] => Uptime: 28774  Threads: 3  Questions: 835  Slow queries: 0  Opens: 70  Flush tables: 1  Open tables: 63  Queries per second avg: 0.029
            [sqlstate] => 00000
            [protocol_version] => 10
            [thread_id] => 153
            [warning_count] => 0
        )

    [result_id] => mysqli_result Object
        (
            [current_field] => 0
            [field_count] => 1
            [lengths] => 
            [num_rows] => 1
            [type] => 0
        )

    [result_array] => Array
        (
        )

    [result_object] => Array
        (
        )

    [custom_result_object] => Array
        (
        )

    [current_row] => 0
    [num_rows] => 
    [row_data] => 
)
2018/05/02 08:28:22CI_DB_mysqli_result Object
(
    [conn_id] => mysqli Object
        (
            [affected_rows] => 1
            [client_info] => mysqlnd 5.0.12-dev - 20150407 - $Id: b5c5906d452ec590732a93b051f3827e02749b83 $
            [client_version] => 50012
            [connect_errno] => 0
            [connect_error] => 
            [errno] => 0
            [error] => 
            [error_list] => Array
                (
                )

            [field_count] => 1
            [host_info] => Localhost via UNIX socket
            [info] => 
            [insert_id] => 0
            [server_info] => 5.6.40
            [server_version] => 50640
            [stat] => Uptime: 29034  Threads: 4  Questions: 849  Slow queries: 0  Opens: 70  Flush tables: 1  Open tables: 63  Queries per second avg: 0.029
            [sqlstate] => 00000
            [protocol_version] => 10
            [thread_id] => 155
            [warning_count] => 0
        )

    [result_id] => mysqli_result Object
        (
            [current_field] => 0
            [field_count] => 1
            [lengths] => 
            [num_rows] => 1
            [type] => 0
        )

    [result_array] => Array
        (
        )

    [result_object] => Array
        (
        )

    [custom_result_object] => Array
        (
        )

    [current_row] => 0
    [num_rows] => 
    [row_data] => 
)
2018/05/02 08:32:42CI_DB_mysqli_result Object
(
    [conn_id] => mysqli Object
        (
            [affected_rows] => 1
            [client_info] => mysqlnd 5.0.12-dev - 20150407 - $Id: b5c5906d452ec590732a93b051f3827e02749b83 $
            [client_version] => 50012
            [connect_errno] => 0
            [connect_error] => 
            [errno] => 0
            [error] => 
            [error_list] => Array
                (
                )

            [field_count] => 1
            [host_info] => Localhost via UNIX socket
            [info] => 
            [insert_id] => 0
            [server_info] => 5.6.40
            [server_version] => 50640
            [stat] => Uptime: 29034  Threads: 4  Questions: 851  Slow queries: 0  Opens: 70  Flush tables: 1  Open tables: 63  Queries per second avg: 0.029
            [sqlstate] => 00000
            [protocol_version] => 10
            [thread_id] => 155
            [warning_count] => 0
        )

    [result_id] => mysqli_result Object
        (
            [current_field] => 0
            [field_count] => 1
            [lengths] => 
            [num_rows] => 1
            [type] => 0
        )

    [result_array] => Array
        (
        )

    [result_object] => Array
        (
        )

    [custom_result_object] => Array
        (
        )

    [current_row] => 0
    [num_rows] => 
    [row_data] => 
)
2018/05/02 08:32:42CI_DB_mysqli_result Object
(
    [conn_id] => mysqli Object
        (
            [affected_rows] => 1
            [client_info] => mysqlnd 5.0.12-dev - 20150407 - $Id: b5c5906d452ec590732a93b051f3827e02749b83 $
            [client_version] => 50012
            [connect_errno] => 0
            [connect_error] => 
            [errno] => 0
            [error] => 
            [error_list] => Array
                (
                )

            [field_count] => 1
            [host_info] => Localhost via UNIX socket
            [info] => 
            [insert_id] => 0
            [server_info] => 5.6.40
            [server_version] => 50640
            [stat] => Uptime: 29256  Threads: 4  Questions: 858  Slow queries: 0  Opens: 70  Flush tables: 1  Open tables: 63  Queries per second avg: 0.029
            [sqlstate] => 00000
            [protocol_version] => 10
            [thread_id] => 156
            [warning_count] => 0
        )

    [result_id] => mysqli_result Object
        (
            [current_field] => 0
            [field_count] => 1
            [lengths] => 
            [num_rows] => 1
            [type] => 0
        )

    [result_array] => Array
        (
        )

    [result_object] => Array
        (
        )

    [custom_result_object] => Array
        (
        )

    [current_row] => 0
    [num_rows] => 
    [row_data] => 
)
2018/05/02 08:36:24CI_DB_mysqli_result Object
(
    [conn_id] => mysqli Object
        (
            [affected_rows] => 1
            [client_info] => mysqlnd 5.0.12-dev - 20150407 - $Id: b5c5906d452ec590732a93b051f3827e02749b83 $
            [client_version] => 50012
            [connect_errno] => 0
            [connect_error] => 
            [errno] => 0
            [error] => 
            [error_list] => Array
                (
                )

            [field_count] => 1
            [host_info] => Localhost via UNIX socket
            [info] => 
            [insert_id] => 0
            [server_info] => 5.6.40
            [server_version] => 50640
            [stat] => Uptime: 29256  Threads: 4  Questions: 860  Slow queries: 0  Opens: 70  Flush tables: 1  Open tables: 63  Queries per second avg: 0.029
            [sqlstate] => 00000
            [protocol_version] => 10
            [thread_id] => 156
            [warning_count] => 0
        )

    [result_id] => mysqli_result Object
        (
            [current_field] => 0
            [field_count] => 1
            [lengths] => 
            [num_rows] => 1
            [type] => 0
        )

    [result_array] => Array
        (
        )

    [result_object] => Array
        (
        )

    [custom_result_object] => Array
        (
        )

    [current_row] => 0
    [num_rows] => 
    [row_data] => 
)
2018/05/02 08:36:24CI_DB_mysqli_result Object
(
    [conn_id] => mysqli Object
        (
            [affected_rows] => 1
            [client_info] => mysqlnd 5.0.12-dev - 20150407 - $Id: b5c5906d452ec590732a93b051f3827e02749b83 $
            [client_version] => 50012
            [connect_errno] => 0
            [connect_error] => 
            [errno] => 0
            [error] => 
            [error_list] => Array
                (
                )

            [field_count] => 1
            [host_info] => Localhost via UNIX socket
            [info] => 
            [insert_id] => 0
            [server_info] => 5.6.40
            [server_version] => 50640
            [stat] => Uptime: 29564  Threads: 4  Questions: 867  Slow queries: 0  Opens: 70  Flush tables: 1  Open tables: 63  Queries per second avg: 0.029
            [sqlstate] => 00000
            [protocol_version] => 10
            [thread_id] => 157
            [warning_count] => 0
        )

    [result_id] => mysqli_result Object
        (
            [current_field] => 0
            [field_count] => 1
            [lengths] => 
            [num_rows] => 1
            [type] => 0
        )

    [result_array] => Array
        (
        )

    [result_object] => Array
        (
        )

    [custom_result_object] => Array
        (
        )

    [current_row] => 0
    [num_rows] => 
    [row_data] => 
)
2018/05/02 08:41:32CI_DB_mysqli_result Object
(
    [conn_id] => mysqli Object
        (
            [affected_rows] => 1
            [client_info] => mysqlnd 5.0.12-dev - 20150407 - $Id: b5c5906d452ec590732a93b051f3827e02749b83 $
            [client_version] => 50012
            [connect_errno] => 0
            [connect_error] => 
            [errno] => 0
            [error] => 
            [error_list] => Array
                (
                )

            [field_count] => 1
            [host_info] => Localhost via UNIX socket
            [info] => 
            [insert_id] => 0
            [server_info] => 5.6.40
            [server_version] => 50640
            [stat] => Uptime: 29564  Threads: 4  Questions: 869  Slow queries: 0  Opens: 70  Flush tables: 1  Open tables: 63  Queries per second avg: 0.029
            [sqlstate] => 00000
            [protocol_version] => 10
            [thread_id] => 157
            [warning_count] => 0
        )

    [result_id] => mysqli_result Object
        (
            [current_field] => 0
            [field_count] => 1
            [lengths] => 
            [num_rows] => 1
            [type] => 0
        )

    [result_array] => Array
        (
        )

    [result_object] => Array
        (
        )

    [custom_result_object] => Array
        (
        )

    [current_row] => 0
    [num_rows] => 
    [row_data] => 
)
2018/05/02 08:41:32CI_DB_mysqli_result Object
(
    [conn_id] => mysqli Object
        (
            [affected_rows] => 1
            [client_info] => mysqlnd 5.0.12-dev - 20150407 - $Id: b5c5906d452ec590732a93b051f3827e02749b83 $
            [client_version] => 50012
            [connect_errno] => 0
            [connect_error] => 
            [errno] => 0
            [error] => 
            [error_list] => Array
                (
                )

            [field_count] => 1
            [host_info] => Localhost via UNIX socket
            [info] => 
            [insert_id] => 0
            [server_info] => 5.6.40
            [server_version] => 50640
            [stat] => Uptime: 30005  Threads: 4  Questions: 876  Slow queries: 0  Opens: 70  Flush tables: 1  Open tables: 63  Queries per second avg: 0.029
            [sqlstate] => 00000
            [protocol_version] => 10
            [thread_id] => 158
            [warning_count] => 0
        )

    [result_id] => mysqli_result Object
        (
            [current_field] => 0
            [field_count] => 1
            [lengths] => 
            [num_rows] => 1
            [type] => 0
        )

    [result_array] => Array
        (
        )

    [result_object] => Array
        (
        )

    [custom_result_object] => Array
        (
        )

    [current_row] => 0
    [num_rows] => 
    [row_data] => 
)
2018/05/02 08:48:53CI_DB_mysqli_result Object
(
    [conn_id] => mysqli Object
        (
            [affected_rows] => 1
            [client_info] => mysqlnd 5.0.12-dev - 20150407 - $Id: b5c5906d452ec590732a93b051f3827e02749b83 $
            [client_version] => 50012
            [connect_errno] => 0
            [connect_error] => 
            [errno] => 0
            [error] => 
            [error_list] => Array
                (
                )

            [field_count] => 1
            [host_info] => Localhost via UNIX socket
            [info] => 
            [insert_id] => 0
            [server_info] => 5.6.40
            [server_version] => 50640
            [stat] => Uptime: 30005  Threads: 4  Questions: 878  Slow queries: 0  Opens: 70  Flush tables: 1  Open tables: 63  Queries per second avg: 0.029
            [sqlstate] => 00000
            [protocol_version] => 10
            [thread_id] => 158
            [warning_count] => 0
        )

    [result_id] => mysqli_result Object
        (
            [current_field] => 0
            [field_count] => 1
            [lengths] => 
            [num_rows] => 1
            [type] => 0
        )

    [result_array] => Array
        (
        )

    [result_object] => Array
        (
        )

    [custom_result_object] => Array
        (
        )

    [current_row] => 0
    [num_rows] => 
    [row_data] => 
)
2018/05/02 08:48:53CI_DB_mysqli_result Object
(
    [conn_id] => mysqli Object
        (
            [affected_rows] => 1
            [client_info] => mysqlnd 5.0.12-dev - 20150407 - $Id: b5c5906d452ec590732a93b051f3827e02749b83 $
            [client_version] => 50012
            [connect_errno] => 0
            [connect_error] => 
            [errno] => 0
            [error] => 
            [error_list] => Array
                (
                )

            [field_count] => 1
            [host_info] => Localhost via UNIX socket
            [info] => 
            [insert_id] => 0
            [server_info] => 5.6.40
            [server_version] => 50640
            [stat] => Uptime: 30097  Threads: 4  Questions: 884  Slow queries: 0  Opens: 70  Flush tables: 1  Open tables: 63  Queries per second avg: 0.029
            [sqlstate] => 00000
            [protocol_version] => 10
            [thread_id] => 159
            [warning_count] => 0
        )

    [result_id] => mysqli_result Object
        (
            [current_field] => 0
            [field_count] => 1
            [lengths] => 
            [num_rows] => 1
            [type] => 0
        )

    [result_array] => Array
        (
        )

    [result_object] => Array
        (
        )

    [custom_result_object] => Array
        (
        )

    [current_row] => 0
    [num_rows] => 
    [row_data] => 
)
2018/05/02 08:50:25CI_DB_mysqli_result Object
(
    [conn_id] => mysqli Object
        (
            [affected_rows] => 1
            [client_info] => mysqlnd 5.0.12-dev - 20150407 - $Id: b5c5906d452ec590732a93b051f3827e02749b83 $
            [client_version] => 50012
            [connect_errno] => 0
            [connect_error] => 
            [errno] => 0
            [error] => 
            [error_list] => Array
                (
                )

            [field_count] => 1
            [host_info] => Localhost via UNIX socket
            [info] => 
            [insert_id] => 0
            [server_info] => 5.6.40
            [server_version] => 50640
            [stat] => Uptime: 30097  Threads: 4  Questions: 886  Slow queries: 0  Opens: 70  Flush tables: 1  Open tables: 63  Queries per second avg: 0.029
            [sqlstate] => 00000
            [protocol_version] => 10
            [thread_id] => 159
            [warning_count] => 0
        )

    [result_id] => mysqli_result Object
        (
            [current_field] => 0
            [field_count] => 1
            [lengths] => 
            [num_rows] => 1
            [type] => 0
        )

    [result_array] => Array
        (
        )

    [result_object] => Array
        (
        )

    [custom_result_object] => Array
        (
        )

    [current_row] => 0
    [num_rows] => 
    [row_data] => 
)
2018/05/02 08:50:25CI_DB_mysqli_result Object
(
    [conn_id] => mysqli Object
        (
            [affected_rows] => 1
            [client_info] => mysqlnd 5.0.12-dev - 20150407 - $Id: b5c5906d452ec590732a93b051f3827e02749b83 $
            [client_version] => 50012
            [connect_errno] => 0
            [connect_error] => 
            [errno] => 0
            [error] => 
            [error_list] => Array
                (
                )

            [field_count] => 1
            [host_info] => Localhost via UNIX socket
            [info] => 
            [insert_id] => 0
            [server_info] => 5.6.40
            [server_version] => 50640
            [stat] => Uptime: 30172  Threads: 4  Questions: 893  Slow queries: 0  Opens: 70  Flush tables: 1  Open tables: 63  Queries per second avg: 0.029
            [sqlstate] => 00000
            [protocol_version] => 10
            [thread_id] => 160
            [warning_count] => 0
        )

    [result_id] => mysqli_result Object
        (
            [current_field] => 0
            [field_count] => 1
            [lengths] => 
            [num_rows] => 1
            [type] => 0
        )

    [result_array] => Array
        (
        )

    [result_object] => Array
        (
        )

    [custom_result_object] => Array
        (
        )

    [current_row] => 0
    [num_rows] => 
    [row_data] => 
)
2018/05/02 08:51:40CI_DB_mysqli_result Object
(
    [conn_id] => mysqli Object
        (
            [affected_rows] => 1
            [client_info] => mysqlnd 5.0.12-dev - 20150407 - $Id: b5c5906d452ec590732a93b051f3827e02749b83 $
            [client_version] => 50012
            [connect_errno] => 0
            [connect_error] => 
            [errno] => 0
            [error] => 
            [error_list] => Array
                (
                )

            [field_count] => 1
            [host_info] => Localhost via UNIX socket
            [info] => 
            [insert_id] => 0
            [server_info] => 5.6.40
            [server_version] => 50640
            [stat] => Uptime: 30172  Threads: 4  Questions: 895  Slow queries: 0  Opens: 70  Flush tables: 1  Open tables: 63  Queries per second avg: 0.029
            [sqlstate] => 00000
            [protocol_version] => 10
            [thread_id] => 160
            [warning_count] => 0
        )

    [result_id] => mysqli_result Object
        (
            [current_field] => 0
            [field_count] => 1
            [lengths] => 
            [num_rows] => 1
            [type] => 0
        )

    [result_array] => Array
        (
        )

    [result_object] => Array
        (
        )

    [custom_result_object] => Array
        (
        )

    [current_row] => 0
    [num_rows] => 
    [row_data] => 
)
2018/05/02 08:51:40CI_DB_mysqli_result Object
(
    [conn_id] => mysqli Object
        (
            [affected_rows] => 1
            [client_info] => mysqlnd 5.0.12-dev - 20150407 - $Id: b5c5906d452ec590732a93b051f3827e02749b83 $
            [client_version] => 50012
            [connect_errno] => 0
            [connect_error] => 
            [errno] => 0
            [error] => 
            [error_list] => Array
                (
                )

            [field_count] => 1
            [host_info] => Localhost via UNIX socket
            [info] => 
            [insert_id] => 0
            [server_info] => 5.6.40
            [server_version] => 50640
            [stat] => Uptime: 30233  Threads: 4  Questions: 902  Slow queries: 0  Opens: 70  Flush tables: 1  Open tables: 63  Queries per second avg: 0.029
            [sqlstate] => 00000
            [protocol_version] => 10
            [thread_id] => 161
            [warning_count] => 0
        )

    [result_id] => mysqli_result Object
        (
            [current_field] => 0
            [field_count] => 1
            [lengths] => 
            [num_rows] => 1
            [type] => 0
        )

    [result_array] => Array
        (
        )

    [result_object] => Array
        (
        )

    [custom_result_object] => Array
        (
        )

    [current_row] => 0
    [num_rows] => 
    [row_data] => 
)
2018/05/02 08:52:41CI_DB_mysqli_result Object
(
    [conn_id] => mysqli Object
        (
            [affected_rows] => 1
            [client_info] => mysqlnd 5.0.12-dev - 20150407 - $Id: b5c5906d452ec590732a93b051f3827e02749b83 $
            [client_version] => 50012
            [connect_errno] => 0
            [connect_error] => 
            [errno] => 0
            [error] => 
            [error_list] => Array
                (
                )

            [field_count] => 1
            [host_info] => Localhost via UNIX socket
            [info] => 
            [insert_id] => 0
            [server_info] => 5.6.40
            [server_version] => 50640
            [stat] => Uptime: 30233  Threads: 4  Questions: 904  Slow queries: 0  Opens: 70  Flush tables: 1  Open tables: 63  Queries per second avg: 0.029
            [sqlstate] => 00000
            [protocol_version] => 10
            [thread_id] => 161
            [warning_count] => 0
        )

    [result_id] => mysqli_result Object
        (
            [current_field] => 0
            [field_count] => 1
            [lengths] => 
            [num_rows] => 1
            [type] => 0
        )

    [result_array] => Array
        (
        )

    [result_object] => Array
        (
        )

    [custom_result_object] => Array
        (
        )

    [current_row] => 0
    [num_rows] => 
    [row_data] => 
)
2018/05/02 08:52:41CI_DB_mysqli_result Object
(
    [conn_id] => mysqli Object
        (
            [affected_rows] => 1
            [client_info] => mysqlnd 5.0.12-dev - 20150407 - $Id: b5c5906d452ec590732a93b051f3827e02749b83 $
            [client_version] => 50012
            [connect_errno] => 0
            [connect_error] => 
            [errno] => 0
            [error] => 
            [error_list] => Array
                (
                )

            [field_count] => 1
            [host_info] => Localhost via UNIX socket
            [info] => 
            [insert_id] => 0
            [server_info] => 5.6.40
            [server_version] => 50640
            [stat] => Uptime: 30533  Threads: 4  Questions: 910  Slow queries: 0  Opens: 70  Flush tables: 1  Open tables: 63  Queries per second avg: 0.029
            [sqlstate] => 00000
            [protocol_version] => 10
            [thread_id] => 162
            [warning_count] => 0
        )

    [result_id] => mysqli_result Object
        (
            [current_field] => 0
            [field_count] => 1
            [lengths] => 
            [num_rows] => 1
            [type] => 0
        )

    [result_array] => Array
        (
        )

    [result_object] => Array
        (
        )

    [custom_result_object] => Array
        (
        )

    [current_row] => 0
    [num_rows] => 
    [row_data] => 
)
2018/05/02 08:57:41CI_DB_mysqli_result Object
(
    [conn_id] => mysqli Object
        (
            [affected_rows] => 1
            [client_info] => mysqlnd 5.0.12-dev - 20150407 - $Id: b5c5906d452ec590732a93b051f3827e02749b83 $
            [client_version] => 50012
            [connect_errno] => 0
            [connect_error] => 
            [errno] => 0
            [error] => 
            [error_list] => Array
                (
                )

            [field_count] => 1
            [host_info] => Localhost via UNIX socket
            [info] => 
            [insert_id] => 0
            [server_info] => 5.6.40
            [server_version] => 50640
            [stat] => Uptime: 30533  Threads: 4  Questions: 912  Slow queries: 0  Opens: 70  Flush tables: 1  Open tables: 63  Queries per second avg: 0.029
            [sqlstate] => 00000
            [protocol_version] => 10
            [thread_id] => 162
            [warning_count] => 0
        )

    [result_id] => mysqli_result Object
        (
            [current_field] => 0
            [field_count] => 1
            [lengths] => 
            [num_rows] => 1
            [type] => 0
        )

    [result_array] => Array
        (
        )

    [result_object] => Array
        (
        )

    [custom_result_object] => Array
        (
        )

    [current_row] => 0
    [num_rows] => 
    [row_data] => 
)
2018/05/02 08:57:41CI_DB_mysqli_result Object
(
    [conn_id] => mysqli Object
        (
            [affected_rows] => 1
            [client_info] => mysqlnd 5.0.12-dev - 20150407 - $Id: b5c5906d452ec590732a93b051f3827e02749b83 $
            [client_version] => 50012
            [connect_errno] => 0
            [connect_error] => 
            [errno] => 0
            [error] => 
            [error_list] => Array
                (
                )

            [field_count] => 1
            [host_info] => Localhost via UNIX socket
            [info] => 
            [insert_id] => 0
            [server_info] => 5.6.40
            [server_version] => 50640
            [stat] => Uptime: 30706  Threads: 4  Questions: 918  Slow queries: 0  Opens: 70  Flush tables: 1  Open tables: 63  Queries per second avg: 0.029
            [sqlstate] => 00000
            [protocol_version] => 10
            [thread_id] => 163
            [warning_count] => 0
        )

    [result_id] => mysqli_result Object
        (
            [current_field] => 0
            [field_count] => 1
            [lengths] => 
            [num_rows] => 1
            [type] => 0
        )

    [result_array] => Array
        (
        )

    [result_object] => Array
        (
        )

    [custom_result_object] => Array
        (
        )

    [current_row] => 0
    [num_rows] => 
    [row_data] => 
)
2018/05/02 09:00:34CI_DB_mysqli_result Object
(
    [conn_id] => mysqli Object
        (
            [affected_rows] => 1
            [client_info] => mysqlnd 5.0.12-dev - 20150407 - $Id: b5c5906d452ec590732a93b051f3827e02749b83 $
            [client_version] => 50012
            [connect_errno] => 0
            [connect_error] => 
            [errno] => 0
            [error] => 
            [error_list] => Array
                (
                )

            [field_count] => 1
            [host_info] => Localhost via UNIX socket
            [info] => 
            [insert_id] => 0
            [server_info] => 5.6.40
            [server_version] => 50640
            [stat] => Uptime: 30706  Threads: 4  Questions: 920  Slow queries: 0  Opens: 70  Flush tables: 1  Open tables: 63  Queries per second avg: 0.029
            [sqlstate] => 00000
            [protocol_version] => 10
            [thread_id] => 163
            [warning_count] => 0
        )

    [result_id] => mysqli_result Object
        (
            [current_field] => 0
            [field_count] => 1
            [lengths] => 
            [num_rows] => 1
            [type] => 0
        )

    [result_array] => Array
        (
        )

    [result_object] => Array
        (
        )

    [custom_result_object] => Array
        (
        )

    [current_row] => 0
    [num_rows] => 
    [row_data] => 
)
2018/05/02 09:00:34CI_DB_mysqli_result Object
(
    [conn_id] => mysqli Object
        (
            [affected_rows] => 1
            [client_info] => mysqlnd 5.0.12-dev - 20150407 - $Id: b5c5906d452ec590732a93b051f3827e02749b83 $
            [client_version] => 50012
            [connect_errno] => 0
            [connect_error] => 
            [errno] => 0
            [error] => 
            [error_list] => Array
                (
                )

            [field_count] => 1
            [host_info] => Localhost via UNIX socket
            [info] => 
            [insert_id] => 0
            [server_info] => 5.6.40
            [server_version] => 50640
            [stat] => Uptime: 30953  Threads: 4  Questions: 926  Slow queries: 0  Opens: 70  Flush tables: 1  Open tables: 63  Queries per second avg: 0.029
            [sqlstate] => 00000
            [protocol_version] => 10
            [thread_id] => 164
            [warning_count] => 0
        )

    [result_id] => mysqli_result Object
        (
            [current_field] => 0
            [field_count] => 1
            [lengths] => 
            [num_rows] => 1
            [type] => 0
        )

    [result_array] => Array
        (
        )

    [result_object] => Array
        (
        )

    [custom_result_object] => Array
        (
        )

    [current_row] => 0
    [num_rows] => 
    [row_data] => 
)
2018/05/02 09:04:41CI_DB_mysqli_result Object
(
    [conn_id] => mysqli Object
        (
            [affected_rows] => 1
            [client_info] => mysqlnd 5.0.12-dev - 20150407 - $Id: b5c5906d452ec590732a93b051f3827e02749b83 $
            [client_version] => 50012
            [connect_errno] => 0
            [connect_error] => 
            [errno] => 0
            [error] => 
            [error_list] => Array
                (
                )

            [field_count] => 1
            [host_info] => Localhost via UNIX socket
            [info] => 
            [insert_id] => 0
            [server_info] => 5.6.40
            [server_version] => 50640
            [stat] => Uptime: 30953  Threads: 4  Questions: 928  Slow queries: 0  Opens: 70  Flush tables: 1  Open tables: 63  Queries per second avg: 0.029
            [sqlstate] => 00000
            [protocol_version] => 10
            [thread_id] => 164
            [warning_count] => 0
        )

    [result_id] => mysqli_result Object
        (
            [current_field] => 0
            [field_count] => 1
            [lengths] => 
            [num_rows] => 1
            [type] => 0
        )

    [result_array] => Array
        (
        )

    [result_object] => Array
        (
        )

    [custom_result_object] => Array
        (
        )

    [current_row] => 0
    [num_rows] => 
    [row_data] => 
)
2018/05/02 09:04:41CI_DB_mysqli_result Object
(
    [conn_id] => mysqli Object
        (
            [affected_rows] => 1
            [client_info] => mysqlnd 5.0.12-dev - 20150407 - $Id: b5c5906d452ec590732a93b051f3827e02749b83 $
            [client_version] => 50012
            [connect_errno] => 0
            [connect_error] => 
            [errno] => 0
            [error] => 
            [error_list] => Array
                (
                )

            [field_count] => 1
            [host_info] => Localhost via UNIX socket
            [info] => 
            [insert_id] => 0
            [server_info] => 5.6.40
            [server_version] => 50640
            [stat] => Uptime: 31283  Threads: 4  Questions: 935  Slow queries: 0  Opens: 70  Flush tables: 1  Open tables: 63  Queries per second avg: 0.029
            [sqlstate] => 00000
            [protocol_version] => 10
            [thread_id] => 165
            [warning_count] => 0
        )

    [result_id] => mysqli_result Object
        (
            [current_field] => 0
            [field_count] => 1
            [lengths] => 
            [num_rows] => 1
            [type] => 0
        )

    [result_array] => Array
        (
        )

    [result_object] => Array
        (
        )

    [custom_result_object] => Array
        (
        )

    [current_row] => 0
    [num_rows] => 
    [row_data] => 
)
2018/05/02 09:10:11CI_DB_mysqli_result Object
(
    [conn_id] => mysqli Object
        (
            [affected_rows] => 1
            [client_info] => mysqlnd 5.0.12-dev - 20150407 - $Id: b5c5906d452ec590732a93b051f3827e02749b83 $
            [client_version] => 50012
            [connect_errno] => 0
            [connect_error] => 
            [errno] => 0
            [error] => 
            [error_list] => Array
                (
                )

            [field_count] => 1
            [host_info] => Localhost via UNIX socket
            [info] => 
            [insert_id] => 0
            [server_info] => 5.6.40
            [server_version] => 50640
            [stat] => Uptime: 31283  Threads: 4  Questions: 937  Slow queries: 0  Opens: 70  Flush tables: 1  Open tables: 63  Queries per second avg: 0.029
            [sqlstate] => 00000
            [protocol_version] => 10
            [thread_id] => 165
            [warning_count] => 0
        )

    [result_id] => mysqli_result Object
        (
            [current_field] => 0
            [field_count] => 1
            [lengths] => 
            [num_rows] => 1
            [type] => 0
        )

    [result_array] => Array
        (
        )

    [result_object] => Array
        (
        )

    [custom_result_object] => Array
        (
        )

    [current_row] => 0
    [num_rows] => 
    [row_data] => 
)
2018/05/02 09:10:11CI_DB_mysqli_result Object
(
    [conn_id] => mysqli Object
        (
            [affected_rows] => 1
            [client_info] => mysqlnd 5.0.12-dev - 20150407 - $Id: b5c5906d452ec590732a93b051f3827e02749b83 $
            [client_version] => 50012
            [connect_errno] => 0
            [connect_error] => 
            [errno] => 0
            [error] => 
            [error_list] => Array
                (
                )

            [field_count] => 1
            [host_info] => Localhost via UNIX socket
            [info] => 
            [insert_id] => 0
            [server_info] => 5.6.40
            [server_version] => 50640
            [stat] => Uptime: 32021  Threads: 4  Questions: 944  Slow queries: 0  Opens: 70  Flush tables: 1  Open tables: 63  Queries per second avg: 0.029
            [sqlstate] => 00000
            [protocol_version] => 10
            [thread_id] => 166
            [warning_count] => 0
        )

    [result_id] => mysqli_result Object
        (
            [current_field] => 0
            [field_count] => 1
            [lengths] => 
            [num_rows] => 1
            [type] => 0
        )

    [result_array] => Array
        (
        )

    [result_object] => Array
        (
        )

    [custom_result_object] => Array
        (
        )

    [current_row] => 0
    [num_rows] => 
    [row_data] => 
)
2018/05/02 09:22:29CI_DB_mysqli_result Object
(
    [conn_id] => mysqli Object
        (
            [affected_rows] => 1
            [client_info] => mysqlnd 5.0.12-dev - 20150407 - $Id: b5c5906d452ec590732a93b051f3827e02749b83 $
            [client_version] => 50012
            [connect_errno] => 0
            [connect_error] => 
            [errno] => 0
            [error] => 
            [error_list] => Array
                (
                )

            [field_count] => 1
            [host_info] => Localhost via UNIX socket
            [info] => 
            [insert_id] => 0
            [server_info] => 5.6.40
            [server_version] => 50640
            [stat] => Uptime: 32021  Threads: 4  Questions: 946  Slow queries: 0  Opens: 70  Flush tables: 1  Open tables: 63  Queries per second avg: 0.029
            [sqlstate] => 00000
            [protocol_version] => 10
            [thread_id] => 166
            [warning_count] => 0
        )

    [result_id] => mysqli_result Object
        (
            [current_field] => 0
            [field_count] => 1
            [lengths] => 
            [num_rows] => 1
            [type] => 0
        )

    [result_array] => Array
        (
        )

    [result_object] => Array
        (
        )

    [custom_result_object] => Array
        (
        )

    [current_row] => 0
    [num_rows] => 
    [row_data] => 
)
2018/05/02 09:22:29CI_DB_mysqli_result Object
(
    [conn_id] => mysqli Object
        (
            [affected_rows] => 1
            [client_info] => mysqlnd 5.0.12-dev - 20150407 - $Id: b5c5906d452ec590732a93b051f3827e02749b83 $
            [client_version] => 50012
            [connect_errno] => 0
            [connect_error] => 
            [errno] => 0
            [error] => 
            [error_list] => Array
                (
                )

            [field_count] => 1
            [host_info] => Localhost via UNIX socket
            [info] => 
            [insert_id] => 0
            [server_info] => 5.6.40
            [server_version] => 50640
            [stat] => Uptime: 32068  Threads: 4  Questions: 952  Slow queries: 0  Opens: 70  Flush tables: 1  Open tables: 63  Queries per second avg: 0.029
            [sqlstate] => 00000
            [protocol_version] => 10
            [thread_id] => 167
            [warning_count] => 0
        )

    [result_id] => mysqli_result Object
        (
            [current_field] => 0
            [field_count] => 1
            [lengths] => 
            [num_rows] => 1
            [type] => 0
        )

    [result_array] => Array
        (
        )

    [result_object] => Array
        (
        )

    [custom_result_object] => Array
        (
        )

    [current_row] => 0
    [num_rows] => 
    [row_data] => 
)
2018/05/02 09:23:16CI_DB_mysqli_result Object
(
    [conn_id] => mysqli Object
        (
            [affected_rows] => 1
            [client_info] => mysqlnd 5.0.12-dev - 20150407 - $Id: b5c5906d452ec590732a93b051f3827e02749b83 $
            [client_version] => 50012
            [connect_errno] => 0
            [connect_error] => 
            [errno] => 0
            [error] => 
            [error_list] => Array
                (
                )

            [field_count] => 1
            [host_info] => Localhost via UNIX socket
            [info] => 
            [insert_id] => 0
            [server_info] => 5.6.40
            [server_version] => 50640
            [stat] => Uptime: 32068  Threads: 4  Questions: 954  Slow queries: 0  Opens: 70  Flush tables: 1  Open tables: 63  Queries per second avg: 0.029
            [sqlstate] => 00000
            [protocol_version] => 10
            [thread_id] => 167
            [warning_count] => 0
        )

    [result_id] => mysqli_result Object
        (
            [current_field] => 0
            [field_count] => 1
            [lengths] => 
            [num_rows] => 1
            [type] => 0
        )

    [result_array] => Array
        (
        )

    [result_object] => Array
        (
        )

    [custom_result_object] => Array
        (
        )

    [current_row] => 0
    [num_rows] => 
    [row_data] => 
)
2018/05/02 09:23:16CI_DB_mysqli_result Object
(
    [conn_id] => mysqli Object
        (
            [affected_rows] => 1
            [client_info] => mysqlnd 5.0.12-dev - 20150407 - $Id: b5c5906d452ec590732a93b051f3827e02749b83 $
            [client_version] => 50012
            [connect_errno] => 0
            [connect_error] => 
            [errno] => 0
            [error] => 
            [error_list] => Array
                (
                )

            [field_count] => 1
            [host_info] => Localhost via UNIX socket
            [info] => 
            [insert_id] => 0
            [server_info] => 5.6.40
            [server_version] => 50640
            [stat] => Uptime: 32087  Threads: 4  Questions: 964  Slow queries: 0  Opens: 70  Flush tables: 1  Open tables: 63  Queries per second avg: 0.030
            [sqlstate] => 00000
            [protocol_version] => 10
            [thread_id] => 169
            [warning_count] => 0
        )

    [result_id] => mysqli_result Object
        (
            [current_field] => 0
            [field_count] => 1
            [lengths] => 
            [num_rows] => 1
            [type] => 0
        )

    [result_array] => Array
        (
        )

    [result_object] => Array
        (
        )

    [custom_result_object] => Array
        (
        )

    [current_row] => 0
    [num_rows] => 
    [row_data] => 
)
2018/05/02 09:23:35CI_DB_mysqli_result Object
(
    [conn_id] => mysqli Object
        (
            [affected_rows] => 1
            [client_info] => mysqlnd 5.0.12-dev - 20150407 - $Id: b5c5906d452ec590732a93b051f3827e02749b83 $
            [client_version] => 50012
            [connect_errno] => 0
            [connect_error] => 
            [errno] => 0
            [error] => 
            [error_list] => Array
                (
                )

            [field_count] => 1
            [host_info] => Localhost via UNIX socket
            [info] => 
            [insert_id] => 0
            [server_info] => 5.6.40
            [server_version] => 50640
            [stat] => Uptime: 32087  Threads: 4  Questions: 966  Slow queries: 0  Opens: 70  Flush tables: 1  Open tables: 63  Queries per second avg: 0.030
            [sqlstate] => 00000
            [protocol_version] => 10
            [thread_id] => 169
            [warning_count] => 0
        )

    [result_id] => mysqli_result Object
        (
            [current_field] => 0
            [field_count] => 1
            [lengths] => 
            [num_rows] => 1
            [type] => 0
        )

    [result_array] => Array
        (
        )

    [result_object] => Array
        (
        )

    [custom_result_object] => Array
        (
        )

    [current_row] => 0
    [num_rows] => 
    [row_data] => 
)
2018/05/02 09:23:35